[0.143s] DEBUG:colcon:Command line arguments: ['/usr/bin/colcon', 'list', '-p', '--base-paths', '/home/mscrobotics2425laptop20/ros2_tutorial_workspace']
[0.143s] DEBUG:colcon:Parsed command line arguments: Namespace(log_base=None, log_level=None, verb_name='list', build_base='build', ignore_user_meta=False, metas=['./colcon.meta'], base_paths=['/home/mscrobotics2425laptop20/ros2_tutorial_workspace'], packages_ignore=None, packages_ignore_regex=None, paths=None, packages_up_to=None, packages_up_to_regex=None, packages_above=None, packages_above_and_dependencies=None, packages_above_depth=None, packages_select_by_dep=None, packages_skip_by_dep=None, packages_skip_up_to=None, packages_select_build_failed=False, packages_skip_build_finished=False, packages_select_test_failures=False, packages_skip_test_passed=False, packages_select=None, packages_skip=None, packages_select_regex=None, packages_skip_regex=None, packages_start=None, packages_end=None, allow_overriding=[], topological_order=False, names_only=False, paths_only=True, topological_graph=False, topological_graph_dot=False, topological_graph_density=False, topological_graph_legend=False, topological_graph_dot_cluster=False, topological_graph_dot_include_skipped=False, mixin_files=None, mixin=None, verb_parser=<colcon_mixin.mixin.mixin_argument.MixinArgumentDecorator object at 0x707232c476d0>, verb_extension=<colcon_package_information.verb.list.ListVerb object at 0x707232d579d0>, main=<bound method ListVerb.main of <colcon_package_information.verb.list.ListVerb object at 0x707232d579d0>>, mixin_verb=('list',))
[0.391s] Level 1:colcon.colcon_core.package_discovery:discover_packages(colcon_meta) check parameters
[0.391s] Level 1:colcon.colcon_core.package_discovery:discover_packages(recursive) check parameters
[0.391s] Level 1:colcon.colcon_core.package_discovery:discover_packages(ignore) check parameters
[0.391s] Level 1:colcon.colcon_core.package_discovery:discover_packages(path) check parameters
[0.391s] Level 1:colcon.colcon_core.package_discovery:discover_packages(recursive) discover
[0.391s] INFO:colcon.colcon_core.package_discovery:Crawling recursively for packages in '/home/mscrobotics2425laptop20/ros2_tutorial_workspace'
[0.391s] Level 1:colcon.colcon_core.package_identification:_identify(/home/mscrobotics2425laptop20/ros2_tutorial_workspace) by extensions ['ignore', 'ignore_ament_install']
[0.392s] Level 1:colcon.colcon_core.package_identification:_identify(/home/mscrobotics2425laptop20/ros2_tutorial_workspace) by extension 'ignore'
[0.392s] Level 1:colcon.colcon_core.package_identification:_identify(/home/mscrobotics2425laptop20/ros2_tutorial_workspace) by extension 'ignore_ament_install'
[0.392s] Level 1:colcon.colcon_core.package_identification:_identify(/home/mscrobotics2425laptop20/ros2_tutorial_workspace) by extensions ['colcon_pkg']
[0.392s] Level 1:colcon.colcon_core.package_identification:_identify(/home/mscrobotics2425laptop20/ros2_tutorial_workspace) by extension 'colcon_pkg'
[0.392s] Level 1:colcon.colcon_core.package_identification:_identify(/home/mscrobotics2425laptop20/ros2_tutorial_workspace) by extensions ['colcon_meta']
[0.392s] Level 1:colcon.colcon_core.package_identification:_identify(/home/mscrobotics2425laptop20/ros2_tutorial_workspace) by extension 'colcon_meta'
[0.392s] Level 1:colcon.colcon_core.package_identification:_identify(/home/mscrobotics2425laptop20/ros2_tutorial_workspace) by extensions ['ros']
[0.392s] Level 1:colcon.colcon_core.package_identification:_identify(/home/mscrobotics2425laptop20/ros2_tutorial_workspace) by extension 'ros'
[0.410s] Level 1:colcon.colcon_core.package_identification:_identify(/home/mscrobotics2425laptop20/ros2_tutorial_workspace) by extensions ['cmake', 'python']
[0.410s] Level 1:colcon.colcon_core.package_identification:_identify(/home/mscrobotics2425laptop20/ros2_tutorial_workspace) by extension 'cmake'
[0.410s] Level 1:colcon.colcon_core.package_identification:_identify(/home/mscrobotics2425laptop20/ros2_tutorial_workspace) by extension 'python'
[0.410s] Level 1:colcon.colcon_core.package_identification:_identify(/home/mscrobotics2425laptop20/ros2_tutorial_workspace) by extensions ['python_setup_py']
[0.410s] Level 1:colcon.colcon_core.package_identification:_identify(/home/mscrobotics2425laptop20/ros2_tutorial_workspace) by extension 'python_setup_py'
[0.410s] Level 1:colcon.colcon_core.package_identification:_identify(/home/mscrobotics2425laptop20/ros2_tutorial_workspace/build) by extensions ['ignore', 'ignore_ament_install']
[0.410s] Level 1:colcon.colcon_core.package_identification:_identify(/home/mscrobotics2425laptop20/ros2_tutorial_workspace/build) by extension 'ignore'
[0.411s] Level 1:colcon.colcon_core.package_identification:_identify(/home/mscrobotics2425laptop20/ros2_tutorial_workspace/build) ignored
[0.411s] Level 1:colcon.colcon_core.package_identification:_identify(/home/mscrobotics2425laptop20/ros2_tutorial_workspace/install) by extensions ['ignore', 'ignore_ament_install']
[0.411s] Level 1:colcon.colcon_core.package_identification:_identify(/home/mscrobotics2425laptop20/ros2_tutorial_workspace/install) by extension 'ignore'
[0.411s] Level 1:colcon.colcon_core.package_identification:_identify(/home/mscrobotics2425laptop20/ros2_tutorial_workspace/install) ignored
[0.411s] Level 1:colcon.colcon_core.package_identification:_identify(/home/mscrobotics2425laptop20/ros2_tutorial_workspace/log) by extensions ['ignore', 'ignore_ament_install']
[0.411s] Level 1:colcon.colcon_core.package_identification:_identify(/home/mscrobotics2425laptop20/ros2_tutorial_workspace/log) by extension 'ignore'
[0.411s] Level 1:colcon.colcon_core.package_identification:_identify(/home/mscrobotics2425laptop20/ros2_tutorial_workspace/log) ignored
[0.412s] Level 1:colcon.colcon_core.package_identification:_identify(/home/mscrobotics2425laptop20/ros2_tutorial_workspace/src) by extensions ['ignore', 'ignore_ament_install']
[0.412s] Level 1:colcon.colcon_core.package_identification:_identify(/home/mscrobotics2425laptop20/ros2_tutorial_workspace/src) by extension 'ignore'
[0.412s] Level 1:colcon.colcon_core.package_identification:_identify(/home/mscrobotics2425laptop20/ros2_tutorial_workspace/src) by extension 'ignore_ament_install'
[0.412s] Level 1:colcon.colcon_core.package_identification:_identify(/home/mscrobotics2425laptop20/ros2_tutorial_workspace/src) by extensions ['colcon_pkg']
[0.412s] Level 1:colcon.colcon_core.package_identification:_identify(/home/mscrobotics2425laptop20/ros2_tutorial_workspace/src) by extension 'colcon_pkg'
[0.412s] Level 1:colcon.colcon_core.package_identification:_identify(/home/mscrobotics2425laptop20/ros2_tutorial_workspace/src) by extensions ['colcon_meta']
[0.412s] Level 1:colcon.colcon_core.package_identification:_identify(/home/mscrobotics2425laptop20/ros2_tutorial_workspace/src) by extension 'colcon_meta'
[0.412s] Level 1:colcon.colcon_core.package_identification:_identify(/home/mscrobotics2425laptop20/ros2_tutorial_workspace/src) by extensions ['ros']
[0.412s] Level 1:colcon.colcon_core.package_identification:_identify(/home/mscrobotics2425laptop20/ros2_tutorial_workspace/src) by extension 'ros'
[0.412s] Level 1:colcon.colcon_core.package_identification:_identify(/home/mscrobotics2425laptop20/ros2_tutorial_workspace/src) by extensions ['cmake', 'python']
[0.412s] Level 1:colcon.colcon_core.package_identification:_identify(/home/mscrobotics2425laptop20/ros2_tutorial_workspace/src) by extension 'cmake'
[0.412s] Level 1:colcon.colcon_core.package_identification:_identify(/home/mscrobotics2425laptop20/ros2_tutorial_workspace/src) by extension 'python'
[0.413s] Level 1:colcon.colcon_core.package_identification:_identify(/home/mscrobotics2425laptop20/ros2_tutorial_workspace/src) by extensions ['python_setup_py']
[0.413s] Level 1:colcon.colcon_core.package_identification:_identify(/home/mscrobotics2425laptop20/ros2_tutorial_workspace/src) by extension 'python_setup_py'
[0.413s] Level 1:colcon.colcon_core.package_identification:_identify(/home/mscrobotics2425laptop20/ros2_tutorial_workspace/src/gz_example_robot_description) by extensions ['ignore', 'ignore_ament_install']
[0.413s] Level 1:colcon.colcon_core.package_identification:_identify(/home/mscrobotics2425laptop20/ros2_tutorial_workspace/src/gz_example_robot_description) by extension 'ignore'
[0.413s] Level 1:colcon.colcon_core.package_identification:_identify(/home/mscrobotics2425laptop20/ros2_tutorial_workspace/src/gz_example_robot_description) by extension 'ignore_ament_install'
[0.413s] Level 1:colcon.colcon_core.package_identification:_identify(/home/mscrobotics2425laptop20/ros2_tutorial_workspace/src/gz_example_robot_description) by extensions ['colcon_pkg']
[0.413s] Level 1:colcon.colcon_core.package_identification:_identify(/home/mscrobotics2425laptop20/ros2_tutorial_workspace/src/gz_example_robot_description) by extension 'colcon_pkg'
[0.413s] Level 1:colcon.colcon_core.package_identification:_identify(/home/mscrobotics2425laptop20/ros2_tutorial_workspace/src/gz_example_robot_description) by extensions ['colcon_meta']
[0.413s] Level 1:colcon.colcon_core.package_identification:_identify(/home/mscrobotics2425laptop20/ros2_tutorial_workspace/src/gz_example_robot_description) by extension 'colcon_meta'
[0.413s] Level 1:colcon.colcon_core.package_identification:_identify(/home/mscrobotics2425laptop20/ros2_tutorial_workspace/src/gz_example_robot_description) by extensions ['ros']
[0.413s] Level 1:colcon.colcon_core.package_identification:_identify(/home/mscrobotics2425laptop20/ros2_tutorial_workspace/src/gz_example_robot_description) by extension 'ros'
[0.417s] DEBUG:colcon.colcon_core.package_identification:Package '/home/mscrobotics2425laptop20/ros2_tutorial_workspace/src/gz_example_robot_description' with type 'ros.ament_python' and name 'gz_example_robot_description'
[0.418s] Level 1:colcon.colcon_core.package_identification:_identify(/home/mscrobotics2425laptop20/ros2_tutorial_workspace/src/navigation_demos) by extensions ['ignore', 'ignore_ament_install']
[0.418s] Level 1:colcon.colcon_core.package_identification:_identify(/home/mscrobotics2425laptop20/ros2_tutorial_workspace/src/navigation_demos) by extension 'ignore'
[0.418s] Level 1:colcon.colcon_core.package_identification:_identify(/home/mscrobotics2425laptop20/ros2_tutorial_workspace/src/navigation_demos) by extension 'ignore_ament_install'
[0.418s] Level 1:colcon.colcon_core.package_identification:_identify(/home/mscrobotics2425laptop20/ros2_tutorial_workspace/src/navigation_demos) by extensions ['colcon_pkg']
[0.418s] Level 1:colcon.colcon_core.package_identification:_identify(/home/mscrobotics2425laptop20/ros2_tutorial_workspace/src/navigation_demos) by extension 'colcon_pkg'
[0.418s] Level 1:colcon.colcon_core.package_identification:_identify(/home/mscrobotics2425laptop20/ros2_tutorial_workspace/src/navigation_demos) by extensions ['colcon_meta']
[0.418s] Level 1:colcon.colcon_core.package_identification:_identify(/home/mscrobotics2425laptop20/ros2_tutorial_workspace/src/navigation_demos) by extension 'colcon_meta'
[0.418s] Level 1:colcon.colcon_core.package_identification:_identify(/home/mscrobotics2425laptop20/ros2_tutorial_workspace/src/navigation_demos) by extensions ['ros']
[0.418s] Level 1:colcon.colcon_core.package_identification:_identify(/home/mscrobotics2425laptop20/ros2_tutorial_workspace/src/navigation_demos) by extension 'ros'
[0.420s] DEBUG:colcon.colcon_core.package_identification:Package '/home/mscrobotics2425laptop20/ros2_tutorial_workspace/src/navigation_demos' with type 'ros.ament_python' and name 'navigation_demos'
[0.420s] Level 1:colcon.colcon_core.package_discovery:discover_packages(recursive) using defaults
