[0.800s] Invoking command in '/home/mscrobotics2425laptop20/ros2_tutorial_workspace/src/navigation_demos': PYTHONPATH=/home/mscrobotics2425laptop20/ros2_tutorial_workspace/build/navigation_demos/prefix_override:/usr/lib/python3/dist-packages/colcon_core/task/python/colcon_distutils_commands:/home/mscrobotics2425laptop20/ros2_tutorial_workspace/install/navigation_demos/lib/python3.10/site-packages:${PYTHONPATH} /usr/bin/python3 -W ignore:setup.py install is deprecated setup.py egg_info --egg-base ../../build/navigation_demos build --build-base /home/mscrobotics2425laptop20/ros2_tutorial_workspace/build/navigation_demos/build install --record /home/mscrobotics2425laptop20/ros2_tutorial_workspace/build/navigation_demos/install.log --single-version-externally-managed install_data
[1.019s] running egg_info
[1.021s] writing ../../build/navigation_demos/navigation_demos.egg-info/PKG-INFO
[1.025s] writing dependency_links to ../../build/navigation_demos/navigation_demos.egg-info/dependency_links.txt
[1.026s] writing entry points to ../../build/navigation_demos/navigation_demos.egg-info/entry_points.txt
[1.026s] writing requirements to ../../build/navigation_demos/navigation_demos.egg-info/requires.txt
[1.026s] writing top-level names to ../../build/navigation_demos/navigation_demos.egg-info/top_level.txt
[1.028s] reading manifest file '../../build/navigation_demos/navigation_demos.egg-info/SOURCES.txt'
[1.031s] writing manifest file '../../build/navigation_demos/navigation_demos.egg-info/SOURCES.txt'
[1.031s] running build
[1.031s] running build_py
[1.032s] running install
[1.032s] running install_lib
[1.036s] running install_data
[1.038s] copying config/controller.yaml -> /home/mscrobotics2425laptop20/ros2_tutorial_workspace/install/navigation_demos/share/navigation_demos/config
[1.038s] copying config/planner.yaml -> /home/mscrobotics2425laptop20/ros2_tutorial_workspace/install/navigation_demos/share/navigation_demos/config
[1.038s] running install_egg_info
[1.043s] removing '/home/mscrobotics2425laptop20/ros2_tutorial_workspace/install/navigation_demos/lib/python3.10/site-packages/navigation_demos-0.0.0-py3.10.egg-info' (and everything under it)
[1.044s] Copying ../../build/navigation_demos/navigation_demos.egg-info to /home/mscrobotics2425laptop20/ros2_tutorial_workspace/install/navigation_demos/lib/python3.10/site-packages/navigation_demos-0.0.0-py3.10.egg-info
[1.047s] running install_scripts
[1.075s] writing list of installed files to '/home/mscrobotics2425laptop20/ros2_tutorial_workspace/build/navigation_demos/install.log'
[1.101s] Invoked command in '/home/mscrobotics2425laptop20/ros2_tutorial_workspace/src/navigation_demos' returned '0': PYTHONPATH=/home/mscrobotics2425laptop20/ros2_tutorial_workspace/build/navigation_demos/prefix_override:/usr/lib/python3/dist-packages/colcon_core/task/python/colcon_distutils_commands:/home/mscrobotics2425laptop20/ros2_tutorial_workspace/install/navigation_demos/lib/python3.10/site-packages:${PYTHONPATH} /usr/bin/python3 -W ignore:setup.py install is deprecated setup.py egg_info --egg-base ../../build/navigation_demos build --build-base /home/mscrobotics2425laptop20/ros2_tutorial_workspace/build/navigation_demos/build install --record /home/mscrobotics2425laptop20/ros2_tutorial_workspace/build/navigation_demos/install.log --single-version-externally-managed install_data
