[0.615s] Invoking command in '/home/mscrobotics2425laptop20/ros2_tutorial_workspace/src/gz_example_robot_description': PYTHONPATH=/home/mscrobotics2425laptop20/ros2_tutorial_workspace/build/gz_example_robot_description/prefix_override:/usr/lib/python3/dist-packages/colcon_core/task/python/colcon_distutils_commands:/home/mscrobotics2425laptop20/ros2_tutorial_workspace/install/gz_example_robot_description/lib/python3.10/site-packages:${PYTHONPATH} /usr/bin/python3 -W ignore:setup.py install is deprecated setup.py egg_info --egg-base ../../build/gz_example_robot_description build --build-base /home/mscrobotics2425laptop20/ros2_tutorial_workspace/build/gz_example_robot_description/build install --record /home/mscrobotics2425laptop20/ros2_tutorial_workspace/build/gz_example_robot_description/install.log --single-version-externally-managed install_data
[0.788s] running egg_info
[0.789s] writing ../../build/gz_example_robot_description/gz_example_robot_description.egg-info/PKG-INFO
[0.789s] writing dependency_links to ../../build/gz_example_robot_description/gz_example_robot_description.egg-info/dependency_links.txt
[0.789s] writing entry points to ../../build/gz_example_robot_description/gz_example_robot_description.egg-info/entry_points.txt
[0.790s] writing requirements to ../../build/gz_example_robot_description/gz_example_robot_description.egg-info/requires.txt
[0.790s] writing top-level names to ../../build/gz_example_robot_description/gz_example_robot_description.egg-info/top_level.txt
[0.793s] reading manifest file '../../build/gz_example_robot_description/gz_example_robot_description.egg-info/SOURCES.txt'
[0.794s] writing manifest file '../../build/gz_example_robot_description/gz_example_robot_description.egg-info/SOURCES.txt'
[0.794s] running build
[0.794s] running build_py
[0.795s] running install
[0.795s] running install_lib
[0.798s] running install_data
[0.799s] running install_egg_info
[0.801s] removing '/home/mscrobotics2425laptop20/ros2_tutorial_workspace/install/gz_example_robot_description/lib/python3.10/site-packages/gz_example_robot_description-0.0.0-py3.10.egg-info' (and everything under it)
[0.801s] Copying ../../build/gz_example_robot_description/gz_example_robot_description.egg-info to /home/mscrobotics2425laptop20/ros2_tutorial_workspace/install/gz_example_robot_description/lib/python3.10/site-packages/gz_example_robot_description-0.0.0-py3.10.egg-info
[0.802s] running install_scripts
[0.822s] writing list of installed files to '/home/mscrobotics2425laptop20/ros2_tutorial_workspace/build/gz_example_robot_description/install.log'
[0.857s] Invoked command in '/home/mscrobotics2425laptop20/ros2_tutorial_workspace/src/gz_example_robot_description' returned '0': PYTHONPATH=/home/mscrobotics2425laptop20/ros2_tutorial_workspace/build/gz_example_robot_description/prefix_override:/usr/lib/python3/dist-packages/colcon_core/task/python/colcon_distutils_commands:/home/mscrobotics2425laptop20/ros2_tutorial_workspace/install/gz_example_robot_description/lib/python3.10/site-packages:${PYTHONPATH} /usr/bin/python3 -W ignore:setup.py install is deprecated setup.py egg_info --egg-base ../../build/gz_example_robot_description build --build-base /home/mscrobotics2425laptop20/ros2_tutorial_workspace/build/gz_example_robot_description/build install --record /home/mscrobotics2425laptop20/ros2_tutorial_workspace/build/gz_example_robot_description/install.log --single-version-externally-managed install_data
