running egg_info
creating ../../build/example_urdf_robot/example_urdf_robot.egg-info
writing ../../build/example_urdf_robot/example_urdf_robot.egg-info/PKG-INFO
writing dependency_links to ../../build/example_urdf_robot/example_urdf_robot.egg-info/dependency_links.txt
writing entry points to ../../build/example_urdf_robot/example_urdf_robot.egg-info/entry_points.txt
writing requirements to ../../build/example_urdf_robot/example_urdf_robot.egg-info/requires.txt
writing top-level names to ../../build/example_urdf_robot/example_urdf_robot.egg-info/top_level.txt
writing manifest file '../../build/example_urdf_robot/example_urdf_robot.egg-info/SOURCES.txt'
reading manifest file '../../build/example_urdf_robot/example_urdf_robot.egg-info/SOURCES.txt'
adding license file 'LICENSE'
writing manifest file '../../build/example_urdf_robot/example_urdf_robot.egg-info/SOURCES.txt'
running build
running build_py
creating /home/mscrobotics2425laptop20/ros2_tutorial_workspace/build/example_urdf_robot/build
creating /home/mscrobotics2425laptop20/ros2_tutorial_workspace/build/example_urdf_robot/build/lib
creating /home/mscrobotics2425laptop20/ros2_tutorial_workspace/build/example_urdf_robot/build/lib/example_urdf_robot
copying example_urdf_robot/__init__.py -> /home/mscrobotics2425laptop20/ros2_tutorial_workspace/build/example_urdf_robot/build/lib/example_urdf_robot
running install
running install_lib
creating /home/mscrobotics2425laptop20/ros2_tutorial_workspace/install/example_urdf_robot/lib/python3.10/site-packages/example_urdf_robot
copying /home/mscrobotics2425laptop20/ros2_tutorial_workspace/build/example_urdf_robot/build/lib/example_urdf_robot/__init__.py -> /home/mscrobotics2425laptop20/ros2_tutorial_workspace/install/example_urdf_robot/lib/python3.10/site-packages/example_urdf_robot
byte-compiling /home/mscrobotics2425laptop20/ros2_tutorial_workspace/install/example_urdf_robot/lib/python3.10/site-packages/example_urdf_robot/__init__.py to __init__.cpython-310.pyc
running install_data
creating /home/mscrobotics2425laptop20/ros2_tutorial_workspace/install/example_urdf_robot/share/ament_index
creating /home/mscrobotics2425laptop20/ros2_tutorial_workspace/install/example_urdf_robot/share/ament_index/resource_index
creating /home/mscrobotics2425laptop20/ros2_tutorial_workspace/install/example_urdf_robot/share/ament_index/resource_index/packages
copying resource/example_urdf_robot -> /home/mscrobotics2425laptop20/ros2_tutorial_workspace/install/example_urdf_robot/share/ament_index/resource_index/packages
copying package.xml -> /home/mscrobotics2425laptop20/ros2_tutorial_workspace/install/example_urdf_robot/share/example_urdf_robot
creating /home/mscrobotics2425laptop20/ros2_tutorial_workspace/install/example_urdf_robot/share/example_urdf_robot/urdf
copying urdf/example_gazebo.xacro -> /home/mscrobotics2425laptop20/ros2_tutorial_workspace/install/example_urdf_robot/share/example_urdf_robot/urdf
copying urdf/diff_drive.urdf.xacro -> /home/mscrobotics2425laptop20/ros2_tutorial_workspace/install/example_urdf_robot/share/example_urdf_robot/urdf
creating /home/mscrobotics2425laptop20/ros2_tutorial_workspace/install/example_urdf_robot/share/example_urdf_robot/meshes
copying meshes/Generic_100mm_lidar.stl -> /home/mscrobotics2425laptop20/ros2_tutorial_workspace/install/example_urdf_robot/share/example_urdf_robot/meshes
creating /home/mscrobotics2425laptop20/ros2_tutorial_workspace/install/example_urdf_robot/share/example_urdf_robot/worlds
creating /home/mscrobotics2425laptop20/ros2_tutorial_workspace/install/example_urdf_robot/share/example_urdf_robot/launch
copying launch/sim_robot.launch.py -> /home/mscrobotics2425laptop20/ros2_tutorial_workspace/install/example_urdf_robot/share/example_urdf_robot/launch
running install_egg_info
Copying ../../build/example_urdf_robot/example_urdf_robot.egg-info to /home/mscrobotics2425laptop20/ros2_tutorial_workspace/install/example_urdf_robot/lib/python3.10/site-packages/example_urdf_robot-0.0.0-py3.10.egg-info
running install_scripts
writing list of installed files to '/home/mscrobotics2425laptop20/ros2_tutorial_workspace/build/example_urdf_robot/install.log'
