[1.584s] Invoking command in '/home/mscrobotics2425laptop20/ros2_tutorial_workspace/src/example_urdf_robot': PYTHONPATH=/home/mscrobotics2425laptop20/ros2_tutorial_workspace/build/example_urdf_robot/prefix_override:/usr/lib/python3/dist-packages/colcon_core/task/python/colcon_distutils_commands:/home/mscrobotics2425laptop20/ros2_tutorial_workspace/install/example_urdf_robot/lib/python3.10/site-packages:${PYTHONPATH} /usr/bin/python3 -W ignore:setup.py install is deprecated setup.py egg_info --egg-base ../../build/example_urdf_robot build --build-base /home/mscrobotics2425laptop20/ros2_tutorial_workspace/build/example_urdf_robot/build install --record /home/mscrobotics2425laptop20/ros2_tutorial_workspace/build/example_urdf_robot/install.log --single-version-externally-managed install_data
[1.914s] running egg_info
[1.915s] writing ../../build/example_urdf_robot/example_urdf_robot.egg-info/PKG-INFO
[1.918s] writing dependency_links to ../../build/example_urdf_robot/example_urdf_robot.egg-info/dependency_links.txt
[1.918s] writing entry points to ../../build/example_urdf_robot/example_urdf_robot.egg-info/entry_points.txt
[1.919s] writing requirements to ../../build/example_urdf_robot/example_urdf_robot.egg-info/requires.txt
[1.919s] writing top-level names to ../../build/example_urdf_robot/example_urdf_robot.egg-info/top_level.txt
[1.922s] reading manifest file '../../build/example_urdf_robot/example_urdf_robot.egg-info/SOURCES.txt'
[1.923s] adding license file 'LICENSE'
[1.924s] writing manifest file '../../build/example_urdf_robot/example_urdf_robot.egg-info/SOURCES.txt'
[1.925s] running build
[1.925s] running build_py
[1.925s] running install
[1.926s] running install_lib
[1.929s] running install_data
[1.930s] running install_egg_info
[1.933s] removing '/home/mscrobotics2425laptop20/ros2_tutorial_workspace/install/example_urdf_robot/lib/python3.10/site-packages/example_urdf_robot-0.0.0-py3.10.egg-info' (and everything under it)
[1.933s] Copying ../../build/example_urdf_robot/example_urdf_robot.egg-info to /home/mscrobotics2425laptop20/ros2_tutorial_workspace/install/example_urdf_robot/lib/python3.10/site-packages/example_urdf_robot-0.0.0-py3.10.egg-info
[1.936s] running install_scripts
[1.983s] writing list of installed files to '/home/mscrobotics2425laptop20/ros2_tutorial_workspace/build/example_urdf_robot/install.log'
[2.046s] Invoked command in '/home/mscrobotics2425laptop20/ros2_tutorial_workspace/src/example_urdf_robot' returned '0': PYTHONPATH=/home/mscrobotics2425laptop20/ros2_tutorial_workspace/build/example_urdf_robot/prefix_override:/usr/lib/python3/dist-packages/colcon_core/task/python/colcon_distutils_commands:/home/mscrobotics2425laptop20/ros2_tutorial_workspace/install/example_urdf_robot/lib/python3.10/site-packages:${PYTHONPATH} /usr/bin/python3 -W ignore:setup.py install is deprecated setup.py egg_info --egg-base ../../build/example_urdf_robot build --build-base /home/mscrobotics2425laptop20/ros2_tutorial_workspace/build/example_urdf_robot/build install --record /home/mscrobotics2425laptop20/ros2_tutorial_workspace/build/example_urdf_robot/install.log --single-version-externally-managed install_data
