/home/mscrobotics2425laptop20/ros2_tutorial_workspace/install/example_gz_robot/lib/python3.10/site-packages/example_gz_robot/__init__.py
/home/mscrobotics2425laptop20/ros2_tutorial_workspace/install/example_gz_robot/lib/python3.10/site-packages/example_gz_robot/__pycache__/__init__.cpython-310.pyc
/home/mscrobotics2425laptop20/ros2_tutorial_workspace/install/example_gz_robot/share/ament_index/resource_index/packages/example_gz_robot
/home/mscrobotics2425laptop20/ros2_tutorial_workspace/install/example_gz_robot/share/example_gz_robot/package.xml
/home/mscrobotics2425laptop20/ros2_tutorial_workspace/install/example_gz_robot/share/example_gz_robot/launch/slam.launch.py
/home/mscrobotics2425laptop20/ros2_tutorial_workspace/install/example_gz_robot/share/example_gz_robot/launch/sim_robot.launch.py
/home/mscrobotics2425laptop20/ros2_tutorial_workspace/install/example_gz_robot/share/example_gz_robot/launch/map_server.launch.py
/home/mscrobotics2425laptop20/ros2_tutorial_workspace/install/example_gz_robot/share/example_gz_robot/launch/localisation.launch.py
/home/mscrobotics2425laptop20/ros2_tutorial_workspace/install/example_gz_robot/share/example_gz_robot/launch/simulation_bringup.launch.py
/home/mscrobotics2425laptop20/ros2_tutorial_workspace/install/example_gz_robot/share/example_gz_robot/rviz/localisation.rviz
/home/mscrobotics2425laptop20/ros2_tutorial_workspace/install/example_gz_robot/share/example_gz_robot/rviz/slam.rviz
/home/mscrobotics2425laptop20/ros2_tutorial_workspace/install/example_gz_robot/share/example_gz_robot/worlds/tb3.sdf
/home/mscrobotics2425laptop20/ros2_tutorial_workspace/install/example_gz_robot/share/example_gz_robot/worlds/model.sdf
/home/mscrobotics2425laptop20/ros2_tutorial_workspace/install/example_gz_robot/share/example_gz_robot/worlds/hexagon.dae
/home/mscrobotics2425laptop20/ros2_tutorial_workspace/install/example_gz_robot/share/example_gz_robot/worlds/wall.dae
/home/mscrobotics2425laptop20/ros2_tutorial_workspace/install/example_gz_robot/share/example_gz_robot/worlds/custom_map.stl
/home/mscrobotics2425laptop20/ros2_tutorial_workspace/install/example_gz_robot/share/example_gz_robot/worlds/tester_map_2.stl
/home/mscrobotics2425laptop20/ros2_tutorial_workspace/install/example_gz_robot/share/example_gz_robot/config
/home/mscrobotics2425laptop20/ros2_tutorial_workspace/install/example_gz_robot/share/example_gz_robot/maps/turtlebot3_world.yaml
/home/mscrobotics2425laptop20/ros2_tutorial_workspace/install/example_gz_robot/share/example_gz_robot/maps/turtlebot3_world.pgm
/home/mscrobotics2425laptop20/ros2_tutorial_workspace/install/example_gz_robot/lib/python3.10/site-packages/example_gz_robot-0.0.0-py3.10.egg-info/zip-safe
/home/mscrobotics2425laptop20/ros2_tutorial_workspace/install/example_gz_robot/lib/python3.10/site-packages/example_gz_robot-0.0.0-py3.10.egg-info/top_level.txt
/home/mscrobotics2425laptop20/ros2_tutorial_workspace/install/example_gz_robot/lib/python3.10/site-packages/example_gz_robot-0.0.0-py3.10.egg-info/SOURCES.txt
/home/mscrobotics2425laptop20/ros2_tutorial_workspace/install/example_gz_robot/lib/python3.10/site-packages/example_gz_robot-0.0.0-py3.10.egg-info/dependency_links.txt
/home/mscrobotics2425laptop20/ros2_tutorial_workspace/install/example_gz_robot/lib/python3.10/site-packages/example_gz_robot-0.0.0-py3.10.egg-info/requires.txt
/home/mscrobotics2425laptop20/ros2_tutorial_workspace/install/example_gz_robot/lib/python3.10/site-packages/example_gz_robot-0.0.0-py3.10.egg-info/entry_points.txt
/home/mscrobotics2425laptop20/ros2_tutorial_workspace/install/example_gz_robot/lib/python3.10/site-packages/example_gz_robot-0.0.0-py3.10.egg-info/PKG-INFO
