[0.307s] DEBUG:colcon:Command line arguments: ['/usr/bin/colcon', 'build']
[0.307s] DEBUG:colcon:Parsed command line arguments: Namespace(log_base=None, log_level=None, verb_name='build', build_base='build', install_base='install', merge_install=False, symlink_install=False, test_result_base=None, continue_on_error=False, executor='parallel', parallel_workers=12, event_handlers=None, ignore_user_meta=False, metas=['./colcon.meta'], base_paths=['.'], packages_ignore=None, packages_ignore_regex=None, paths=None, packages_up_to=None, packages_up_to_regex=None, packages_above=None, packages_above_and_dependencies=None, packages_above_depth=None, packages_select_by_dep=None, packages_skip_by_dep=None, packages_skip_up_to=None, packages_select_build_failed=False, packages_skip_build_finished=False, packages_select_test_failures=False, packages_skip_test_passed=False, packages_select=None, packages_skip=None, packages_select_regex=None, packages_skip_regex=None, packages_start=None, packages_end=None, allow_overriding=[], cmake_args=None, cmake_target=None, cmake_target_skip_unavailable=False, cmake_clean_cache=False, cmake_clean_first=False, cmake_force_configure=False, ament_cmake_args=None, catkin_cmake_args=None, catkin_skip_building_tests=False, mixin_files=None, mixin=None, verb_parser=<colcon_mixin.mixin.mixin_argument.MixinArgumentDecorator object at 0x773065d330a0>, verb_extension=<colcon_core.verb.build.BuildVerb object at 0x773065ee4a30>, main=<bound method BuildVerb.main of <colcon_core.verb.build.BuildVerb object at 0x773065ee4a30>>, mixin_verb=('build',))
[0.542s] Level 1:colcon.colcon_core.package_discovery:discover_packages(colcon_meta) check parameters
[0.543s] Level 1:colcon.colcon_core.package_discovery:discover_packages(recursive) check parameters
[0.543s] Level 1:colcon.colcon_core.package_discovery:discover_packages(ignore) check parameters
[0.543s] Level 1:colcon.colcon_core.package_discovery:discover_packages(path) check parameters
[0.543s] Level 1:colcon.colcon_core.package_discovery:discover_packages(colcon_meta) discover
[0.543s] Level 1:colcon.colcon_core.package_discovery:discover_packages(recursive) discover
[0.543s] INFO:colcon.colcon_core.package_discovery:Crawling recursively for packages in '/home/mscrobotics2425laptop20/ros2_tutorial_workspace'
[0.543s] Level 1:colcon.colcon_core.package_identification:_identify(.) by extensions ['ignore', 'ignore_ament_install']
[0.543s] Level 1:colcon.colcon_core.package_identification:_identify(.) by extension 'ignore'
[0.543s] Level 1:colcon.colcon_core.package_identification:_identify(.) by extension 'ignore_ament_install'
[0.543s] Level 1:colcon.colcon_core.package_identification:_identify(.) by extensions ['colcon_pkg']
[0.543s] Level 1:colcon.colcon_core.package_identification:_identify(.) by extension 'colcon_pkg'
[0.543s] Level 1:colcon.colcon_core.package_identification:_identify(.) by extensions ['colcon_meta']
[0.543s] Level 1:colcon.colcon_core.package_identification:_identify(.) by extension 'colcon_meta'
[0.543s] Level 1:colcon.colcon_core.package_identification:_identify(.) by extensions ['ros']
[0.543s] Level 1:colcon.colcon_core.package_identification:_identify(.) by extension 'ros'
[0.552s] Level 1:colcon.colcon_core.package_identification:_identify(.) by extensions ['cmake', 'python']
[0.552s] Level 1:colcon.colcon_core.package_identification:_identify(.) by extension 'cmake'
[0.552s] Level 1:colcon.colcon_core.package_identification:_identify(.) by extension 'python'
[0.552s] Level 1:colcon.colcon_core.package_identification:_identify(.) by extensions ['python_setup_py']
[0.553s] Level 1:colcon.colcon_core.package_identification:_identify(.) by extension 'python_setup_py'
[0.553s] Level 1:colcon.colcon_core.package_identification:_identify(build) by extensions ['ignore', 'ignore_ament_install']
[0.553s] Level 1:colcon.colcon_core.package_identification:_identify(build) by extension 'ignore'
[0.553s] Level 1:colcon.colcon_core.package_identification:_identify(build) ignored
[0.553s] Level 1:colcon.colcon_core.package_identification:_identify(install) by extensions ['ignore', 'ignore_ament_install']
[0.553s] Level 1:colcon.colcon_core.package_identification:_identify(install) by extension 'ignore'
[0.553s] Level 1:colcon.colcon_core.package_identification:_identify(install) ignored
[0.553s] Level 1:colcon.colcon_core.package_identification:_identify(log) by extensions ['ignore', 'ignore_ament_install']
[0.553s] Level 1:colcon.colcon_core.package_identification:_identify(log) by extension 'ignore'
[0.553s] Level 1:colcon.colcon_core.package_identification:_identify(log) ignored
[0.553s] Level 1:colcon.colcon_core.package_identification:_identify(src) by extensions ['ignore', 'ignore_ament_install']
[0.554s] Level 1:colcon.colcon_core.package_identification:_identify(src) by extension 'ignore'
[0.554s] Level 1:colcon.colcon_core.package_identification:_identify(src) by extension 'ignore_ament_install'
[0.554s] Level 1:colcon.colcon_core.package_identification:_identify(src) by extensions ['colcon_pkg']
[0.554s] Level 1:colcon.colcon_core.package_identification:_identify(src) by extension 'colcon_pkg'
[0.554s] Level 1:colcon.colcon_core.package_identification:_identify(src) by extensions ['colcon_meta']
[0.554s] Level 1:colcon.colcon_core.package_identification:_identify(src) by extension 'colcon_meta'
[0.554s] Level 1:colcon.colcon_core.package_identification:_identify(src) by extensions ['ros']
[0.554s] Level 1:colcon.colcon_core.package_identification:_identify(src) by extension 'ros'
[0.554s] Level 1:colcon.colcon_core.package_identification:_identify(src) by extensions ['cmake', 'python']
[0.554s] Level 1:colcon.colcon_core.package_identification:_identify(src) by extension 'cmake'
[0.554s] Level 1:colcon.colcon_core.package_identification:_identify(src) by extension 'python'
[0.554s] Level 1:colcon.colcon_core.package_identification:_identify(src) by extensions ['python_setup_py']
[0.554s] Level 1:colcon.colcon_core.package_identification:_identify(src) by extension 'python_setup_py'
[0.554s] Level 1:colcon.colcon_core.package_identification:_identify(src/example_gz_robot) by extensions ['ignore', 'ignore_ament_install']
[0.554s] Level 1:colcon.colcon_core.package_identification:_identify(src/example_gz_robot) by extension 'ignore'
[0.554s] Level 1:colcon.colcon_core.package_identification:_identify(src/example_gz_robot) by extension 'ignore_ament_install'
[0.554s] Level 1:colcon.colcon_core.package_identification:_identify(src/example_gz_robot) by extensions ['colcon_pkg']
[0.554s] Level 1:colcon.colcon_core.package_identification:_identify(src/example_gz_robot) by extension 'colcon_pkg'
[0.554s] Level 1:colcon.colcon_core.package_identification:_identify(src/example_gz_robot) by extensions ['colcon_meta']
[0.554s] Level 1:colcon.colcon_core.package_identification:_identify(src/example_gz_robot) by extension 'colcon_meta'
[0.554s] Level 1:colcon.colcon_core.package_identification:_identify(src/example_gz_robot) by extensions ['ros']
[0.554s] Level 1:colcon.colcon_core.package_identification:_identify(src/example_gz_robot) by extension 'ros'
[0.554s] Level 1:colcon.colcon_core.package_identification:_identify(src/example_gz_robot) by extensions ['cmake', 'python']
[0.554s] Level 1:colcon.colcon_core.package_identification:_identify(src/example_gz_robot) by extension 'cmake'
[0.554s] Level 1:colcon.colcon_core.package_identification:_identify(src/example_gz_robot) by extension 'python'
[0.554s] Level 1:colcon.colcon_core.package_identification:_identify(src/example_gz_robot) by extensions ['python_setup_py']
[0.554s] Level 1:colcon.colcon_core.package_identification:_identify(src/example_gz_robot) by extension 'python_setup_py'
[0.555s] Level 1:colcon.colcon_core.package_identification:_identify(src/example_gz_robot/__MACOSX) by extensions ['ignore', 'ignore_ament_install']
[0.555s] Level 1:colcon.colcon_core.package_identification:_identify(src/example_gz_robot/__MACOSX) by extension 'ignore'
[0.555s] Level 1:colcon.colcon_core.package_identification:_identify(src/example_gz_robot/__MACOSX) by extension 'ignore_ament_install'
[0.555s] Level 1:colcon.colcon_core.package_identification:_identify(src/example_gz_robot/__MACOSX) by extensions ['colcon_pkg']
[0.555s] Level 1:colcon.colcon_core.package_identification:_identify(src/example_gz_robot/__MACOSX) by extension 'colcon_pkg'
[0.555s] Level 1:colcon.colcon_core.package_identification:_identify(src/example_gz_robot/__MACOSX) by extensions ['colcon_meta']
[0.555s] Level 1:colcon.colcon_core.package_identification:_identify(src/example_gz_robot/__MACOSX) by extension 'colcon_meta'
[0.555s] Level 1:colcon.colcon_core.package_identification:_identify(src/example_gz_robot/__MACOSX) by extensions ['ros']
[0.555s] Level 1:colcon.colcon_core.package_identification:_identify(src/example_gz_robot/__MACOSX) by extension 'ros'
[0.555s] Level 1:colcon.colcon_core.package_identification:_identify(src/example_gz_robot/__MACOSX) by extensions ['cmake', 'python']
[0.555s] Level 1:colcon.colcon_core.package_identification:_identify(src/example_gz_robot/__MACOSX) by extension 'cmake'
[0.555s] Level 1:colcon.colcon_core.package_identification:_identify(src/example_gz_robot/__MACOSX) by extension 'python'
[0.555s] Level 1:colcon.colcon_core.package_identification:_identify(src/example_gz_robot/__MACOSX) by extensions ['python_setup_py']
[0.555s] Level 1:colcon.colcon_core.package_identification:_identify(src/example_gz_robot/__MACOSX) by extension 'python_setup_py'
[0.555s] Level 1:colcon.colcon_core.package_identification:_identify(src/example_gz_robot/__MACOSX/example_gz_robot) by extensions ['ignore', 'ignore_ament_install']
[0.555s] Level 1:colcon.colcon_core.package_identification:_identify(src/example_gz_robot/__MACOSX/example_gz_robot) by extension 'ignore'
[0.555s] Level 1:colcon.colcon_core.package_identification:_identify(src/example_gz_robot/__MACOSX/example_gz_robot) by extension 'ignore_ament_install'
[0.555s] Level 1:colcon.colcon_core.package_identification:_identify(src/example_gz_robot/__MACOSX/example_gz_robot) by extensions ['colcon_pkg']
[0.555s] Level 1:colcon.colcon_core.package_identification:_identify(src/example_gz_robot/__MACOSX/example_gz_robot) by extension 'colcon_pkg'
[0.555s] Level 1:colcon.colcon_core.package_identification:_identify(src/example_gz_robot/__MACOSX/example_gz_robot) by extensions ['colcon_meta']
[0.555s] Level 1:colcon.colcon_core.package_identification:_identify(src/example_gz_robot/__MACOSX/example_gz_robot) by extension 'colcon_meta'
[0.555s] Level 1:colcon.colcon_core.package_identification:_identify(src/example_gz_robot/__MACOSX/example_gz_robot) by extensions ['ros']
[0.555s] Level 1:colcon.colcon_core.package_identification:_identify(src/example_gz_robot/__MACOSX/example_gz_robot) by extension 'ros'
[0.555s] Level 1:colcon.colcon_core.package_identification:_identify(src/example_gz_robot/__MACOSX/example_gz_robot) by extensions ['cmake', 'python']
[0.555s] Level 1:colcon.colcon_core.package_identification:_identify(src/example_gz_robot/__MACOSX/example_gz_robot) by extension 'cmake'
[0.555s] Level 1:colcon.colcon_core.package_identification:_identify(src/example_gz_robot/__MACOSX/example_gz_robot) by extension 'python'
[0.555s] Level 1:colcon.colcon_core.package_identification:_identify(src/example_gz_robot/__MACOSX/example_gz_robot) by extensions ['python_setup_py']
[0.555s] Level 1:colcon.colcon_core.package_identification:_identify(src/example_gz_robot/__MACOSX/example_gz_robot) by extension 'python_setup_py'
[0.555s] Level 1:colcon.colcon_core.package_identification:_identify(src/example_gz_robot/__MACOSX/example_gz_robot/example_gz_robot) by extensions ['ignore', 'ignore_ament_install']
[0.555s] Level 1:colcon.colcon_core.package_identification:_identify(src/example_gz_robot/__MACOSX/example_gz_robot/example_gz_robot) by extension 'ignore'
[0.556s] Level 1:colcon.colcon_core.package_identification:_identify(src/example_gz_robot/__MACOSX/example_gz_robot/example_gz_robot) by extension 'ignore_ament_install'
[0.556s] Level 1:colcon.colcon_core.package_identification:_identify(src/example_gz_robot/__MACOSX/example_gz_robot/example_gz_robot) by extensions ['colcon_pkg']
[0.556s] Level 1:colcon.colcon_core.package_identification:_identify(src/example_gz_robot/__MACOSX/example_gz_robot/example_gz_robot) by extension 'colcon_pkg'
[0.556s] Level 1:colcon.colcon_core.package_identification:_identify(src/example_gz_robot/__MACOSX/example_gz_robot/example_gz_robot) by extensions ['colcon_meta']
[0.556s] Level 1:colcon.colcon_core.package_identification:_identify(src/example_gz_robot/__MACOSX/example_gz_robot/example_gz_robot) by extension 'colcon_meta'
[0.556s] Level 1:colcon.colcon_core.package_identification:_identify(src/example_gz_robot/__MACOSX/example_gz_robot/example_gz_robot) by extensions ['ros']
[0.556s] Level 1:colcon.colcon_core.package_identification:_identify(src/example_gz_robot/__MACOSX/example_gz_robot/example_gz_robot) by extension 'ros'
[0.556s] Level 1:colcon.colcon_core.package_identification:_identify(src/example_gz_robot/__MACOSX/example_gz_robot/example_gz_robot) by extensions ['cmake', 'python']
[0.556s] Level 1:colcon.colcon_core.package_identification:_identify(src/example_gz_robot/__MACOSX/example_gz_robot/example_gz_robot) by extension 'cmake'
[0.556s] Level 1:colcon.colcon_core.package_identification:_identify(src/example_gz_robot/__MACOSX/example_gz_robot/example_gz_robot) by extension 'python'
[0.556s] Level 1:colcon.colcon_core.package_identification:_identify(src/example_gz_robot/__MACOSX/example_gz_robot/example_gz_robot) by extensions ['python_setup_py']
[0.556s] Level 1:colcon.colcon_core.package_identification:_identify(src/example_gz_robot/__MACOSX/example_gz_robot/example_gz_robot) by extension 'python_setup_py'
[0.556s] Level 1:colcon.colcon_core.package_identification:_identify(src/example_gz_robot/__MACOSX/example_gz_robot/launch) by extensions ['ignore', 'ignore_ament_install']
[0.556s] Level 1:colcon.colcon_core.package_identification:_identify(src/example_gz_robot/__MACOSX/example_gz_robot/launch) by extension 'ignore'
[0.556s] Level 1:colcon.colcon_core.package_identification:_identify(src/example_gz_robot/__MACOSX/example_gz_robot/launch) by extension 'ignore_ament_install'
[0.556s] Level 1:colcon.colcon_core.package_identification:_identify(src/example_gz_robot/__MACOSX/example_gz_robot/launch) by extensions ['colcon_pkg']
[0.556s] Level 1:colcon.colcon_core.package_identification:_identify(src/example_gz_robot/__MACOSX/example_gz_robot/launch) by extension 'colcon_pkg'
[0.556s] Level 1:colcon.colcon_core.package_identification:_identify(src/example_gz_robot/__MACOSX/example_gz_robot/launch) by extensions ['colcon_meta']
[0.556s] Level 1:colcon.colcon_core.package_identification:_identify(src/example_gz_robot/__MACOSX/example_gz_robot/launch) by extension 'colcon_meta'
[0.556s] Level 1:colcon.colcon_core.package_identification:_identify(src/example_gz_robot/__MACOSX/example_gz_robot/launch) by extensions ['ros']
[0.556s] Level 1:colcon.colcon_core.package_identification:_identify(src/example_gz_robot/__MACOSX/example_gz_robot/launch) by extension 'ros'
[0.556s] Level 1:colcon.colcon_core.package_identification:_identify(src/example_gz_robot/__MACOSX/example_gz_robot/launch) by extensions ['cmake', 'python']
[0.556s] Level 1:colcon.colcon_core.package_identification:_identify(src/example_gz_robot/__MACOSX/example_gz_robot/launch) by extension 'cmake'
[0.556s] Level 1:colcon.colcon_core.package_identification:_identify(src/example_gz_robot/__MACOSX/example_gz_robot/launch) by extension 'python'
[0.556s] Level 1:colcon.colcon_core.package_identification:_identify(src/example_gz_robot/__MACOSX/example_gz_robot/launch) by extensions ['python_setup_py']
[0.556s] Level 1:colcon.colcon_core.package_identification:_identify(src/example_gz_robot/__MACOSX/example_gz_robot/launch) by extension 'python_setup_py'
[0.556s] Level 1:colcon.colcon_core.package_identification:_identify(src/example_gz_robot/__MACOSX/example_gz_robot/maps) by extensions ['ignore', 'ignore_ament_install']
[0.556s] Level 1:colcon.colcon_core.package_identification:_identify(src/example_gz_robot/__MACOSX/example_gz_robot/maps) by extension 'ignore'
[0.556s] Level 1:colcon.colcon_core.package_identification:_identify(src/example_gz_robot/__MACOSX/example_gz_robot/maps) by extension 'ignore_ament_install'
[0.556s] Level 1:colcon.colcon_core.package_identification:_identify(src/example_gz_robot/__MACOSX/example_gz_robot/maps) by extensions ['colcon_pkg']
[0.556s] Level 1:colcon.colcon_core.package_identification:_identify(src/example_gz_robot/__MACOSX/example_gz_robot/maps) by extension 'colcon_pkg'
[0.556s] Level 1:colcon.colcon_core.package_identification:_identify(src/example_gz_robot/__MACOSX/example_gz_robot/maps) by extensions ['colcon_meta']
[0.556s] Level 1:colcon.colcon_core.package_identification:_identify(src/example_gz_robot/__MACOSX/example_gz_robot/maps) by extension 'colcon_meta'
[0.557s] Level 1:colcon.colcon_core.package_identification:_identify(src/example_gz_robot/__MACOSX/example_gz_robot/maps) by extensions ['ros']
[0.557s] Level 1:colcon.colcon_core.package_identification:_identify(src/example_gz_robot/__MACOSX/example_gz_robot/maps) by extension 'ros'
[0.557s] Level 1:colcon.colcon_core.package_identification:_identify(src/example_gz_robot/__MACOSX/example_gz_robot/maps) by extensions ['cmake', 'python']
[0.557s] Level 1:colcon.colcon_core.package_identification:_identify(src/example_gz_robot/__MACOSX/example_gz_robot/maps) by extension 'cmake'
[0.557s] Level 1:colcon.colcon_core.package_identification:_identify(src/example_gz_robot/__MACOSX/example_gz_robot/maps) by extension 'python'
[0.557s] Level 1:colcon.colcon_core.package_identification:_identify(src/example_gz_robot/__MACOSX/example_gz_robot/maps) by extensions ['python_setup_py']
[0.557s] Level 1:colcon.colcon_core.package_identification:_identify(src/example_gz_robot/__MACOSX/example_gz_robot/maps) by extension 'python_setup_py'
[0.557s] Level 1:colcon.colcon_core.package_identification:_identify(src/example_gz_robot/__MACOSX/example_gz_robot/resource) by extensions ['ignore', 'ignore_ament_install']
[0.557s] Level 1:colcon.colcon_core.package_identification:_identify(src/example_gz_robot/__MACOSX/example_gz_robot/resource) by extension 'ignore'
[0.557s] Level 1:colcon.colcon_core.package_identification:_identify(src/example_gz_robot/__MACOSX/example_gz_robot/resource) by extension 'ignore_ament_install'
[0.557s] Level 1:colcon.colcon_core.package_identification:_identify(src/example_gz_robot/__MACOSX/example_gz_robot/resource) by extensions ['colcon_pkg']
[0.557s] Level 1:colcon.colcon_core.package_identification:_identify(src/example_gz_robot/__MACOSX/example_gz_robot/resource) by extension 'colcon_pkg'
[0.557s] Level 1:colcon.colcon_core.package_identification:_identify(src/example_gz_robot/__MACOSX/example_gz_robot/resource) by extensions ['colcon_meta']
[0.557s] Level 1:colcon.colcon_core.package_identification:_identify(src/example_gz_robot/__MACOSX/example_gz_robot/resource) by extension 'colcon_meta'
[0.557s] Level 1:colcon.colcon_core.package_identification:_identify(src/example_gz_robot/__MACOSX/example_gz_robot/resource) by extensions ['ros']
[0.557s] Level 1:colcon.colcon_core.package_identification:_identify(src/example_gz_robot/__MACOSX/example_gz_robot/resource) by extension 'ros'
[0.557s] Level 1:colcon.colcon_core.package_identification:_identify(src/example_gz_robot/__MACOSX/example_gz_robot/resource) by extensions ['cmake', 'python']
[0.557s] Level 1:colcon.colcon_core.package_identification:_identify(src/example_gz_robot/__MACOSX/example_gz_robot/resource) by extension 'cmake'
[0.557s] Level 1:colcon.colcon_core.package_identification:_identify(src/example_gz_robot/__MACOSX/example_gz_robot/resource) by extension 'python'
[0.557s] Level 1:colcon.colcon_core.package_identification:_identify(src/example_gz_robot/__MACOSX/example_gz_robot/resource) by extensions ['python_setup_py']
[0.557s] Level 1:colcon.colcon_core.package_identification:_identify(src/example_gz_robot/__MACOSX/example_gz_robot/resource) by extension 'python_setup_py'
[0.557s] Level 1:colcon.colcon_core.package_identification:_identify(src/example_gz_robot/__MACOSX/example_gz_robot/rviz) by extensions ['ignore', 'ignore_ament_install']
[0.557s] Level 1:colcon.colcon_core.package_identification:_identify(src/example_gz_robot/__MACOSX/example_gz_robot/rviz) by extension 'ignore'
[0.557s] Level 1:colcon.colcon_core.package_identification:_identify(src/example_gz_robot/__MACOSX/example_gz_robot/rviz) by extension 'ignore_ament_install'
[0.557s] Level 1:colcon.colcon_core.package_identification:_identify(src/example_gz_robot/__MACOSX/example_gz_robot/rviz) by extensions ['colcon_pkg']
[0.557s] Level 1:colcon.colcon_core.package_identification:_identify(src/example_gz_robot/__MACOSX/example_gz_robot/rviz) by extension 'colcon_pkg'
[0.557s] Level 1:colcon.colcon_core.package_identification:_identify(src/example_gz_robot/__MACOSX/example_gz_robot/rviz) by extensions ['colcon_meta']
[0.557s] Level 1:colcon.colcon_core.package_identification:_identify(src/example_gz_robot/__MACOSX/example_gz_robot/rviz) by extension 'colcon_meta'
[0.557s] Level 1:colcon.colcon_core.package_identification:_identify(src/example_gz_robot/__MACOSX/example_gz_robot/rviz) by extensions ['ros']
[0.557s] Level 1:colcon.colcon_core.package_identification:_identify(src/example_gz_robot/__MACOSX/example_gz_robot/rviz) by extension 'ros'
[0.557s] Level 1:colcon.colcon_core.package_identification:_identify(src/example_gz_robot/__MACOSX/example_gz_robot/rviz) by extensions ['cmake', 'python']
[0.557s] Level 1:colcon.colcon_core.package_identification:_identify(src/example_gz_robot/__MACOSX/example_gz_robot/rviz) by extension 'cmake'
[0.557s] Level 1:colcon.colcon_core.package_identification:_identify(src/example_gz_robot/__MACOSX/example_gz_robot/rviz) by extension 'python'
[0.557s] Level 1:colcon.colcon_core.package_identification:_identify(src/example_gz_robot/__MACOSX/example_gz_robot/rviz) by extensions ['python_setup_py']
[0.558s] Level 1:colcon.colcon_core.package_identification:_identify(src/example_gz_robot/__MACOSX/example_gz_robot/rviz) by extension 'python_setup_py'
[0.558s] Level 1:colcon.colcon_core.package_identification:_identify(src/example_gz_robot/__MACOSX/example_gz_robot/test) by extensions ['ignore', 'ignore_ament_install']
[0.558s] Level 1:colcon.colcon_core.package_identification:_identify(src/example_gz_robot/__MACOSX/example_gz_robot/test) by extension 'ignore'
[0.558s] Level 1:colcon.colcon_core.package_identification:_identify(src/example_gz_robot/__MACOSX/example_gz_robot/test) by extension 'ignore_ament_install'
[0.558s] Level 1:colcon.colcon_core.package_identification:_identify(src/example_gz_robot/__MACOSX/example_gz_robot/test) by extensions ['colcon_pkg']
[0.558s] Level 1:colcon.colcon_core.package_identification:_identify(src/example_gz_robot/__MACOSX/example_gz_robot/test) by extension 'colcon_pkg'
[0.558s] Level 1:colcon.colcon_core.package_identification:_identify(src/example_gz_robot/__MACOSX/example_gz_robot/test) by extensions ['colcon_meta']
[0.558s] Level 1:colcon.colcon_core.package_identification:_identify(src/example_gz_robot/__MACOSX/example_gz_robot/test) by extension 'colcon_meta'
[0.558s] Level 1:colcon.colcon_core.package_identification:_identify(src/example_gz_robot/__MACOSX/example_gz_robot/test) by extensions ['ros']
[0.558s] Level 1:colcon.colcon_core.package_identification:_identify(src/example_gz_robot/__MACOSX/example_gz_robot/test) by extension 'ros'
[0.558s] Level 1:colcon.colcon_core.package_identification:_identify(src/example_gz_robot/__MACOSX/example_gz_robot/test) by extensions ['cmake', 'python']
[0.558s] Level 1:colcon.colcon_core.package_identification:_identify(src/example_gz_robot/__MACOSX/example_gz_robot/test) by extension 'cmake'
[0.558s] Level 1:colcon.colcon_core.package_identification:_identify(src/example_gz_robot/__MACOSX/example_gz_robot/test) by extension 'python'
[0.558s] Level 1:colcon.colcon_core.package_identification:_identify(src/example_gz_robot/__MACOSX/example_gz_robot/test) by extensions ['python_setup_py']
[0.558s] Level 1:colcon.colcon_core.package_identification:_identify(src/example_gz_robot/__MACOSX/example_gz_robot/test) by extension 'python_setup_py'
[0.558s] Level 1:colcon.colcon_core.package_identification:_identify(src/example_gz_robot/__MACOSX/example_gz_robot/worlds) by extensions ['ignore', 'ignore_ament_install']
[0.558s] Level 1:colcon.colcon_core.package_identification:_identify(src/example_gz_robot/__MACOSX/example_gz_robot/worlds) by extension 'ignore'
[0.558s] Level 1:colcon.colcon_core.package_identification:_identify(src/example_gz_robot/__MACOSX/example_gz_robot/worlds) by extension 'ignore_ament_install'
[0.558s] Level 1:colcon.colcon_core.package_identification:_identify(src/example_gz_robot/__MACOSX/example_gz_robot/worlds) by extensions ['colcon_pkg']
[0.558s] Level 1:colcon.colcon_core.package_identification:_identify(src/example_gz_robot/__MACOSX/example_gz_robot/worlds) by extension 'colcon_pkg'
[0.558s] Level 1:colcon.colcon_core.package_identification:_identify(src/example_gz_robot/__MACOSX/example_gz_robot/worlds) by extensions ['colcon_meta']
[0.558s] Level 1:colcon.colcon_core.package_identification:_identify(src/example_gz_robot/__MACOSX/example_gz_robot/worlds) by extension 'colcon_meta'
[0.558s] Level 1:colcon.colcon_core.package_identification:_identify(src/example_gz_robot/__MACOSX/example_gz_robot/worlds) by extensions ['ros']
[0.558s] Level 1:colcon.colcon_core.package_identification:_identify(src/example_gz_robot/__MACOSX/example_gz_robot/worlds) by extension 'ros'
[0.558s] Level 1:colcon.colcon_core.package_identification:_identify(src/example_gz_robot/__MACOSX/example_gz_robot/worlds) by extensions ['cmake', 'python']
[0.558s] Level 1:colcon.colcon_core.package_identification:_identify(src/example_gz_robot/__MACOSX/example_gz_robot/worlds) by extension 'cmake'
[0.558s] Level 1:colcon.colcon_core.package_identification:_identify(src/example_gz_robot/__MACOSX/example_gz_robot/worlds) by extension 'python'
[0.558s] Level 1:colcon.colcon_core.package_identification:_identify(src/example_gz_robot/__MACOSX/example_gz_robot/worlds) by extensions ['python_setup_py']
[0.558s] Level 1:colcon.colcon_core.package_identification:_identify(src/example_gz_robot/__MACOSX/example_gz_robot/worlds) by extension 'python_setup_py'
[0.558s] Level 1:colcon.colcon_core.package_identification:_identify(src/example_gz_robot/__MACOSX/example_gz_robot/worlds/meshes) by extensions ['ignore', 'ignore_ament_install']
[0.559s] Level 1:colcon.colcon_core.package_identification:_identify(src/example_gz_robot/__MACOSX/example_gz_robot/worlds/meshes) by extension 'ignore'
[0.559s] Level 1:colcon.colcon_core.package_identification:_identify(src/example_gz_robot/__MACOSX/example_gz_robot/worlds/meshes) by extension 'ignore_ament_install'
[0.559s] Level 1:colcon.colcon_core.package_identification:_identify(src/example_gz_robot/__MACOSX/example_gz_robot/worlds/meshes) by extensions ['colcon_pkg']
[0.559s] Level 1:colcon.colcon_core.package_identification:_identify(src/example_gz_robot/__MACOSX/example_gz_robot/worlds/meshes) by extension 'colcon_pkg'
[0.559s] Level 1:colcon.colcon_core.package_identification:_identify(src/example_gz_robot/__MACOSX/example_gz_robot/worlds/meshes) by extensions ['colcon_meta']
[0.559s] Level 1:colcon.colcon_core.package_identification:_identify(src/example_gz_robot/__MACOSX/example_gz_robot/worlds/meshes) by extension 'colcon_meta'
[0.559s] Level 1:colcon.colcon_core.package_identification:_identify(src/example_gz_robot/__MACOSX/example_gz_robot/worlds/meshes) by extensions ['ros']
[0.559s] Level 1:colcon.colcon_core.package_identification:_identify(src/example_gz_robot/__MACOSX/example_gz_robot/worlds/meshes) by extension 'ros'
[0.559s] Level 1:colcon.colcon_core.package_identification:_identify(src/example_gz_robot/__MACOSX/example_gz_robot/worlds/meshes) by extensions ['cmake', 'python']
[0.559s] Level 1:colcon.colcon_core.package_identification:_identify(src/example_gz_robot/__MACOSX/example_gz_robot/worlds/meshes) by extension 'cmake'
[0.559s] Level 1:colcon.colcon_core.package_identification:_identify(src/example_gz_robot/__MACOSX/example_gz_robot/worlds/meshes) by extension 'python'
[0.559s] Level 1:colcon.colcon_core.package_identification:_identify(src/example_gz_robot/__MACOSX/example_gz_robot/worlds/meshes) by extensions ['python_setup_py']
[0.559s] Level 1:colcon.colcon_core.package_identification:_identify(src/example_gz_robot/__MACOSX/example_gz_robot/worlds/meshes) by extension 'python_setup_py'
[0.559s] Level 1:colcon.colcon_core.package_identification:_identify(src/example_gz_robot/example_gz_robot) by extensions ['ignore', 'ignore_ament_install']
[0.559s] Level 1:colcon.colcon_core.package_identification:_identify(src/example_gz_robot/example_gz_robot) by extension 'ignore'
[0.559s] Level 1:colcon.colcon_core.package_identification:_identify(src/example_gz_robot/example_gz_robot) by extension 'ignore_ament_install'
[0.559s] Level 1:colcon.colcon_core.package_identification:_identify(src/example_gz_robot/example_gz_robot) by extensions ['colcon_pkg']
[0.559s] Level 1:colcon.colcon_core.package_identification:_identify(src/example_gz_robot/example_gz_robot) by extension 'colcon_pkg'
[0.559s] Level 1:colcon.colcon_core.package_identification:_identify(src/example_gz_robot/example_gz_robot) by extensions ['colcon_meta']
[0.559s] Level 1:colcon.colcon_core.package_identification:_identify(src/example_gz_robot/example_gz_robot) by extension 'colcon_meta'
[0.559s] Level 1:colcon.colcon_core.package_identification:_identify(src/example_gz_robot/example_gz_robot) by extensions ['ros']
[0.559s] Level 1:colcon.colcon_core.package_identification:_identify(src/example_gz_robot/example_gz_robot) by extension 'ros'
[0.561s] DEBUG:colcon.colcon_core.package_identification:Package 'src/example_gz_robot/example_gz_robot' with type 'ros.ament_python' and name 'example_gz_robot'
[0.561s] Level 1:colcon.colcon_core.package_identification:_identify(src/example_urdf_robot) by extensions ['ignore', 'ignore_ament_install']
[0.561s] Level 1:colcon.colcon_core.package_identification:_identify(src/example_urdf_robot) by extension 'ignore'
[0.561s] Level 1:colcon.colcon_core.package_identification:_identify(src/example_urdf_robot) by extension 'ignore_ament_install'
[0.561s] Level 1:colcon.colcon_core.package_identification:_identify(src/example_urdf_robot) by extensions ['colcon_pkg']
[0.561s] Level 1:colcon.colcon_core.package_identification:_identify(src/example_urdf_robot) by extension 'colcon_pkg'
[0.561s] Level 1:colcon.colcon_core.package_identification:_identify(src/example_urdf_robot) by extensions ['colcon_meta']
[0.561s] Level 1:colcon.colcon_core.package_identification:_identify(src/example_urdf_robot) by extension 'colcon_meta'
[0.561s] Level 1:colcon.colcon_core.package_identification:_identify(src/example_urdf_robot) by extensions ['ros']
[0.561s] Level 1:colcon.colcon_core.package_identification:_identify(src/example_urdf_robot) by extension 'ros'
[0.562s] DEBUG:colcon.colcon_core.package_identification:Package 'src/example_urdf_robot' with type 'ros.ament_python' and name 'example_urdf_robot'
[0.562s] Level 1:colcon.colcon_core.package_identification:_identify(src/gz_example_robot_description) by extensions ['ignore', 'ignore_ament_install']
[0.562s] Level 1:colcon.colcon_core.package_identification:_identify(src/gz_example_robot_description) by extension 'ignore'
[0.562s] Level 1:colcon.colcon_core.package_identification:_identify(src/gz_example_robot_description) by extension 'ignore_ament_install'
[0.562s] Level 1:colcon.colcon_core.package_identification:_identify(src/gz_example_robot_description) by extensions ['colcon_pkg']
[0.562s] Level 1:colcon.colcon_core.package_identification:_identify(src/gz_example_robot_description) by extension 'colcon_pkg'
[0.562s] Level 1:colcon.colcon_core.package_identification:_identify(src/gz_example_robot_description) by extensions ['colcon_meta']
[0.562s] Level 1:colcon.colcon_core.package_identification:_identify(src/gz_example_robot_description) by extension 'colcon_meta'
[0.562s] Level 1:colcon.colcon_core.package_identification:_identify(src/gz_example_robot_description) by extensions ['ros']
[0.562s] Level 1:colcon.colcon_core.package_identification:_identify(src/gz_example_robot_description) by extension 'ros'
[0.563s] DEBUG:colcon.colcon_core.package_identification:Package 'src/gz_example_robot_description' with type 'ros.ament_python' and name 'gz_example_robot_description'
[0.563s] Level 1:colcon.colcon_core.package_identification:_identify(src/navigation_demos) by extensions ['ignore', 'ignore_ament_install']
[0.563s] Level 1:colcon.colcon_core.package_identification:_identify(src/navigation_demos) by extension 'ignore'
[0.563s] Level 1:colcon.colcon_core.package_identification:_identify(src/navigation_demos) by extension 'ignore_ament_install'
[0.563s] Level 1:colcon.colcon_core.package_identification:_identify(src/navigation_demos) by extensions ['colcon_pkg']
[0.563s] Level 1:colcon.colcon_core.package_identification:_identify(src/navigation_demos) by extension 'colcon_pkg'
[0.564s] Level 1:colcon.colcon_core.package_identification:_identify(src/navigation_demos) by extensions ['colcon_meta']
[0.564s] Level 1:colcon.colcon_core.package_identification:_identify(src/navigation_demos) by extension 'colcon_meta'
[0.564s] Level 1:colcon.colcon_core.package_identification:_identify(src/navigation_demos) by extensions ['ros']
[0.564s] Level 1:colcon.colcon_core.package_identification:_identify(src/navigation_demos) by extension 'ros'
[0.564s] DEBUG:colcon.colcon_core.package_identification:Package 'src/navigation_demos' with type 'ros.ament_python' and name 'navigation_demos'
[0.564s] Level 1:colcon.colcon_core.package_discovery:discover_packages(recursive) using defaults
[0.564s] Level 1:colcon.colcon_core.package_discovery:discover_packages(ignore) discover
[0.564s] Level 1:colcon.colcon_core.package_discovery:discover_packages(ignore) using defaults
[0.564s] Level 1:colcon.colcon_core.package_discovery:discover_packages(path) discover
[0.564s] Level 1:colcon.colcon_core.package_discovery:discover_packages(path) using defaults
[0.598s] Level 1:colcon.colcon_core.package_discovery:discover_packages(prefix_path) check parameters
[0.599s] Level 1:colcon.colcon_core.package_discovery:discover_packages(prefix_path) discover
[0.601s] DEBUG:colcon.colcon_installed_package_information.package_discovery:Found 1 installed packages in /home/mscrobotics2425laptop20/coursework2/install
[0.601s] DEBUG:colcon.colcon_installed_package_information.package_discovery:Found 3 installed packages in /home/mscrobotics2425laptop20/groot_ws/install
[0.602s] DEBUG:colcon.colcon_installed_package_information.package_discovery:Found 4 installed packages in /home/mscrobotics2425laptop20/ros2_tutorial_workspace/install
[0.603s] DEBUG:colcon.colcon_installed_package_information.package_discovery:Found 331 installed packages in /opt/ros/humble
[0.605s] Level 1:colcon.colcon_core.package_discovery:discover_packages(prefix_path) using defaults
[0.639s] Level 5:colcon.colcon_core.verb:set package 'example_gz_robot' build argument 'cmake_args' from command line to 'None'
[0.639s] Level 5:colcon.colcon_core.verb:set package 'example_gz_robot' build argument 'cmake_target' from command line to 'None'
[0.639s] Level 5:colcon.colcon_core.verb:set package 'example_gz_robot' build argument 'cmake_target_skip_unavailable' from command line to 'False'
[0.639s] Level 5:colcon.colcon_core.verb:set package 'example_gz_robot' build argument 'cmake_clean_cache' from command line to 'False'
[0.639s] Level 5:colcon.colcon_core.verb:set package 'example_gz_robot' build argument 'cmake_clean_first' from command line to 'False'
[0.639s] Level 5:colcon.colcon_core.verb:set package 'example_gz_robot' build argument 'cmake_force_configure' from command line to 'False'
[0.639s] Level 5:colcon.colcon_core.verb:set package 'example_gz_robot' build argument 'ament_cmake_args' from command line to 'None'
[0.639s] Level 5:colcon.colcon_core.verb:set package 'example_gz_robot' build argument 'catkin_cmake_args' from command line to 'None'
[0.639s] Level 5:colcon.colcon_core.verb:set package 'example_gz_robot' build argument 'catkin_skip_building_tests' from command line to 'False'
[0.639s] DEBUG:colcon.colcon_core.verb:Building package 'example_gz_robot' with the following arguments: {'ament_cmake_args': None, 'build_base': '/home/mscrobotics2425laptop20/ros2_tutorial_workspace/build/example_gz_robot', 'catkin_cmake_args': None, 'catkin_skip_building_tests': False, 'cmake_args': None, 'cmake_clean_cache': False, 'cmake_clean_first': False, 'cmake_force_configure': False, 'cmake_target': None, 'cmake_target_skip_unavailable': False, 'install_base': '/home/mscrobotics2425laptop20/ros2_tutorial_workspace/install/example_gz_robot', 'merge_install': False, 'path': '/home/mscrobotics2425laptop20/ros2_tutorial_workspace/src/example_gz_robot/example_gz_robot', 'symlink_install': False, 'test_result_base': None}
[0.639s] Level 5:colcon.colcon_core.verb:set package 'example_urdf_robot' build argument 'cmake_args' from command line to 'None'
[0.639s] Level 5:colcon.colcon_core.verb:set package 'example_urdf_robot' build argument 'cmake_target' from command line to 'None'
[0.639s] Level 5:colcon.colcon_core.verb:set package 'example_urdf_robot' build argument 'cmake_target_skip_unavailable' from command line to 'False'
[0.639s] Level 5:colcon.colcon_core.verb:set package 'example_urdf_robot' build argument 'cmake_clean_cache' from command line to 'False'
[0.639s] Level 5:colcon.colcon_core.verb:set package 'example_urdf_robot' build argument 'cmake_clean_first' from command line to 'False'
[0.639s] Level 5:colcon.colcon_core.verb:set package 'example_urdf_robot' build argument 'cmake_force_configure' from command line to 'False'
[0.639s] Level 5:colcon.colcon_core.verb:set package 'example_urdf_robot' build argument 'ament_cmake_args' from command line to 'None'
[0.639s] Level 5:colcon.colcon_core.verb:set package 'example_urdf_robot' build argument 'catkin_cmake_args' from command line to 'None'
[0.639s] Level 5:colcon.colcon_core.verb:set package 'example_urdf_robot' build argument 'catkin_skip_building_tests' from command line to 'False'
[0.639s] DEBUG:colcon.colcon_core.verb:Building package 'example_urdf_robot' with the following arguments: {'ament_cmake_args': None, 'build_base': '/home/mscrobotics2425laptop20/ros2_tutorial_workspace/build/example_urdf_robot', 'catkin_cmake_args': None, 'catkin_skip_building_tests': False, 'cmake_args': None, 'cmake_clean_cache': False, 'cmake_clean_first': False, 'cmake_force_configure': False, 'cmake_target': None, 'cmake_target_skip_unavailable': False, 'install_base': '/home/mscrobotics2425laptop20/ros2_tutorial_workspace/install/example_urdf_robot', 'merge_install': False, 'path': '/home/mscrobotics2425laptop20/ros2_tutorial_workspace/src/example_urdf_robot', 'symlink_install': False, 'test_result_base': None}
[0.640s] Level 5:colcon.colcon_core.verb:set package 'gz_example_robot_description' build argument 'cmake_args' from command line to 'None'
[0.640s] Level 5:colcon.colcon_core.verb:set package 'gz_example_robot_description' build argument 'cmake_target' from command line to 'None'
[0.640s] Level 5:colcon.colcon_core.verb:set package 'gz_example_robot_description' build argument 'cmake_target_skip_unavailable' from command line to 'False'
[0.640s] Level 5:colcon.colcon_core.verb:set package 'gz_example_robot_description' build argument 'cmake_clean_cache' from command line to 'False'
[0.640s] Level 5:colcon.colcon_core.verb:set package 'gz_example_robot_description' build argument 'cmake_clean_first' from command line to 'False'
[0.640s] Level 5:colcon.colcon_core.verb:set package 'gz_example_robot_description' build argument 'cmake_force_configure' from command line to 'False'
[0.640s] Level 5:colcon.colcon_core.verb:set package 'gz_example_robot_description' build argument 'ament_cmake_args' from command line to 'None'
[0.640s] Level 5:colcon.colcon_core.verb:set package 'gz_example_robot_description' build argument 'catkin_cmake_args' from command line to 'None'
[0.640s] Level 5:colcon.colcon_core.verb:set package 'gz_example_robot_description' build argument 'catkin_skip_building_tests' from command line to 'False'
[0.640s] DEBUG:colcon.colcon_core.verb:Building package 'gz_example_robot_description' with the following arguments: {'ament_cmake_args': None, 'build_base': '/home/mscrobotics2425laptop20/ros2_tutorial_workspace/build/gz_example_robot_description', 'catkin_cmake_args': None, 'catkin_skip_building_tests': False, 'cmake_args': None, 'cmake_clean_cache': False, 'cmake_clean_first': False, 'cmake_force_configure': False, 'cmake_target': None, 'cmake_target_skip_unavailable': False, 'install_base': '/home/mscrobotics2425laptop20/ros2_tutorial_workspace/install/gz_example_robot_description', 'merge_install': False, 'path': '/home/mscrobotics2425laptop20/ros2_tutorial_workspace/src/gz_example_robot_description', 'symlink_install': False, 'test_result_base': None}
[0.640s] Level 5:colcon.colcon_core.verb:set package 'navigation_demos' build argument 'cmake_args' from command line to 'None'
[0.640s] Level 5:colcon.colcon_core.verb:set package 'navigation_demos' build argument 'cmake_target' from command line to 'None'
[0.640s] Level 5:colcon.colcon_core.verb:set package 'navigation_demos' build argument 'cmake_target_skip_unavailable' from command line to 'False'
[0.640s] Level 5:colcon.colcon_core.verb:set package 'navigation_demos' build argument 'cmake_clean_cache' from command line to 'False'
[0.640s] Level 5:colcon.colcon_core.verb:set package 'navigation_demos' build argument 'cmake_clean_first' from command line to 'False'
[0.640s] Level 5:colcon.colcon_core.verb:set package 'navigation_demos' build argument 'cmake_force_configure' from command line to 'False'
[0.640s] Level 5:colcon.colcon_core.verb:set package 'navigation_demos' build argument 'ament_cmake_args' from command line to 'None'
[0.640s] Level 5:colcon.colcon_core.verb:set package 'navigation_demos' build argument 'catkin_cmake_args' from command line to 'None'
[0.640s] Level 5:colcon.colcon_core.verb:set package 'navigation_demos' build argument 'catkin_skip_building_tests' from command line to 'False'
[0.640s] DEBUG:colcon.colcon_core.verb:Building package 'navigation_demos' with the following arguments: {'ament_cmake_args': None, 'build_base': '/home/mscrobotics2425laptop20/ros2_tutorial_workspace/build/navigation_demos', 'catkin_cmake_args': None, 'catkin_skip_building_tests': False, 'cmake_args': None, 'cmake_clean_cache': False, 'cmake_clean_first': False, 'cmake_force_configure': False, 'cmake_target': None, 'cmake_target_skip_unavailable': False, 'install_base': '/home/mscrobotics2425laptop20/ros2_tutorial_workspace/install/navigation_demos', 'merge_install': False, 'path': '/home/mscrobotics2425laptop20/ros2_tutorial_workspace/src/navigation_demos', 'symlink_install': False, 'test_result_base': None}
[0.640s] INFO:colcon.colcon_core.executor:Executing jobs using 'parallel' executor
[0.641s] DEBUG:colcon.colcon_parallel_executor.executor.parallel:run_until_complete
[0.641s] INFO:colcon.colcon_ros.task.ament_python.build:Building ROS package in '/home/mscrobotics2425laptop20/ros2_tutorial_workspace/src/example_gz_robot/example_gz_robot' with build type 'ament_python'
[0.641s] Level 1:colcon.colcon_core.shell:create_environment_hook('example_gz_robot', 'ament_prefix_path')
[0.645s] INFO:colcon.colcon_core.plugin_system:Skipping extension 'colcon_core.shell.bat': Not used on non-Windows systems
[0.645s] INFO:colcon.colcon_core.shell:Creating environment hook '/home/mscrobotics2425laptop20/ros2_tutorial_workspace/install/example_gz_robot/share/example_gz_robot/hook/ament_prefix_path.ps1'
[0.646s] INFO:colcon.colcon_core.shell:Creating environment descriptor '/home/mscrobotics2425laptop20/ros2_tutorial_workspace/install/example_gz_robot/share/example_gz_robot/hook/ament_prefix_path.dsv'
[0.647s] INFO:colcon.colcon_core.shell:Creating environment hook '/home/mscrobotics2425laptop20/ros2_tutorial_workspace/install/example_gz_robot/share/example_gz_robot/hook/ament_prefix_path.sh'
[0.649s] INFO:colcon.colcon_core.shell:Skip shell extension 'powershell' for command environment: Not usable outside of PowerShell
[0.649s] DEBUG:colcon.colcon_core.shell:Skip shell extension 'dsv' for command environment
[0.657s] INFO:colcon.colcon_ros.task.ament_python.build:Building ROS package in '/home/mscrobotics2425laptop20/ros2_tutorial_workspace/src/example_urdf_robot' with build type 'ament_python'
[0.657s] Level 1:colcon.colcon_core.shell:create_environment_hook('example_urdf_robot', 'ament_prefix_path')
[0.658s] INFO:colcon.colcon_core.shell:Creating environment hook '/home/mscrobotics2425laptop20/ros2_tutorial_workspace/install/example_urdf_robot/share/example_urdf_robot/hook/ament_prefix_path.ps1'
[0.659s] INFO:colcon.colcon_core.shell:Creating environment descriptor '/home/mscrobotics2425laptop20/ros2_tutorial_workspace/install/example_urdf_robot/share/example_urdf_robot/hook/ament_prefix_path.dsv'
[0.659s] INFO:colcon.colcon_core.shell:Creating environment hook '/home/mscrobotics2425laptop20/ros2_tutorial_workspace/install/example_urdf_robot/share/example_urdf_robot/hook/ament_prefix_path.sh'
[0.661s] INFO:colcon.colcon_core.shell:Skip shell extension 'powershell' for command environment: Not usable outside of PowerShell
[0.662s] DEBUG:colcon.colcon_core.shell:Skip shell extension 'dsv' for command environment
[0.674s] INFO:colcon.colcon_ros.task.ament_python.build:Building ROS package in '/home/mscrobotics2425laptop20/ros2_tutorial_workspace/src/gz_example_robot_description' with build type 'ament_python'
[0.674s] Level 1:colcon.colcon_core.shell:create_environment_hook('gz_example_robot_description', 'ament_prefix_path')
[0.675s] INFO:colcon.colcon_core.shell:Creating environment hook '/home/mscrobotics2425laptop20/ros2_tutorial_workspace/install/gz_example_robot_description/share/gz_example_robot_description/hook/ament_prefix_path.ps1'
[0.677s] INFO:colcon.colcon_core.shell:Creating environment descriptor '/home/mscrobotics2425laptop20/ros2_tutorial_workspace/install/gz_example_robot_description/share/gz_example_robot_description/hook/ament_prefix_path.dsv'
[0.678s] INFO:colcon.colcon_core.shell:Creating environment hook '/home/mscrobotics2425laptop20/ros2_tutorial_workspace/install/gz_example_robot_description/share/gz_example_robot_description/hook/ament_prefix_path.sh'
[0.680s] INFO:colcon.colcon_core.shell:Skip shell extension 'powershell' for command environment: Not usable outside of PowerShell
[0.680s] DEBUG:colcon.colcon_core.shell:Skip shell extension 'dsv' for command environment
[0.691s] INFO:colcon.colcon_ros.task.ament_python.build:Building ROS package in '/home/mscrobotics2425laptop20/ros2_tutorial_workspace/src/navigation_demos' with build type 'ament_python'
[0.692s] Level 1:colcon.colcon_core.shell:create_environment_hook('navigation_demos', 'ament_prefix_path')
[0.692s] INFO:colcon.colcon_core.shell:Creating environment hook '/home/mscrobotics2425laptop20/ros2_tutorial_workspace/install/navigation_demos/share/navigation_demos/hook/ament_prefix_path.ps1'
[0.694s] INFO:colcon.colcon_core.shell:Creating environment descriptor '/home/mscrobotics2425laptop20/ros2_tutorial_workspace/install/navigation_demos/share/navigation_demos/hook/ament_prefix_path.dsv'
[0.696s] INFO:colcon.colcon_core.shell:Creating environment hook '/home/mscrobotics2425laptop20/ros2_tutorial_workspace/install/navigation_demos/share/navigation_demos/hook/ament_prefix_path.sh'
[0.699s] INFO:colcon.colcon_core.shell:Skip shell extension 'powershell' for command environment: Not usable outside of PowerShell
[0.699s] DEBUG:colcon.colcon_core.shell:Skip shell extension 'dsv' for command environment
[0.951s] INFO:colcon.colcon_core.task.python.build:Building Python package in '/home/mscrobotics2425laptop20/ros2_tutorial_workspace/src/example_gz_robot/example_gz_robot'
[0.951s] INFO:colcon.colcon_core.shell:Skip shell extension 'powershell' for command environment: Not usable outside of PowerShell
[0.951s] DEBUG:colcon.colcon_core.shell:Skip shell extension 'dsv' for command environment
[1.194s] INFO:colcon.colcon_core.task.python.build:Building Python package in '/home/mscrobotics2425laptop20/ros2_tutorial_workspace/src/example_urdf_robot'
[1.194s] INFO:colcon.colcon_core.shell:Skip shell extension 'powershell' for command environment: Not usable outside of PowerShell
[1.195s] DEBUG:colcon.colcon_core.shell:Skip shell extension 'dsv' for command environment
[1.425s] INFO:colcon.colcon_core.task.python.build:Building Python package in '/home/mscrobotics2425laptop20/ros2_tutorial_workspace/src/gz_example_robot_description'
[1.425s] INFO:colcon.colcon_core.shell:Skip shell extension 'powershell' for command environment: Not usable outside of PowerShell
[1.425s] DEBUG:colcon.colcon_core.shell:Skip shell extension 'dsv' for command environment
[1.650s] INFO:colcon.colcon_core.task.python.build:Building Python package in '/home/mscrobotics2425laptop20/ros2_tutorial_workspace/src/navigation_demos'
[1.650s] INFO:colcon.colcon_core.shell:Skip shell extension 'powershell' for command environment: Not usable outside of PowerShell
[1.650s] DEBUG:colcon.colcon_core.shell:Skip shell extension 'dsv' for command environment
[2.190s] DEBUG:colcon.colcon_core.event_handler.log_command:Invoking command in '/home/mscrobotics2425laptop20/ros2_tutorial_workspace/src/example_gz_robot/example_gz_robot': PYTHONPATH=/home/mscrobotics2425laptop20/ros2_tutorial_workspace/build/example_gz_robot/prefix_override:/usr/lib/python3/dist-packages/colcon_core/task/python/colcon_distutils_commands:/home/mscrobotics2425laptop20/ros2_tutorial_workspace/install/example_gz_robot/lib/python3.10/site-packages:${PYTHONPATH} /usr/bin/python3 -W ignore:setup.py install is deprecated setup.py egg_info --egg-base ../../../build/example_gz_robot build --build-base /home/mscrobotics2425laptop20/ros2_tutorial_workspace/build/example_gz_robot/build install --record /home/mscrobotics2425laptop20/ros2_tutorial_workspace/build/example_gz_robot/install.log --single-version-externally-managed install_data
[2.203s] DEBUG:colcon.colcon_core.event_handler.log_command:Invoking command in '/home/mscrobotics2425laptop20/ros2_tutorial_workspace/src/navigation_demos': PYTHONPATH=/home/mscrobotics2425laptop20/ros2_tutorial_workspace/build/navigation_demos/prefix_override:/usr/lib/python3/dist-packages/colcon_core/task/python/colcon_distutils_commands:/home/mscrobotics2425laptop20/ros2_tutorial_workspace/install/navigation_demos/lib/python3.10/site-packages:${PYTHONPATH} /usr/bin/python3 -W ignore:setup.py install is deprecated setup.py egg_info --egg-base ../../build/navigation_demos build --build-base /home/mscrobotics2425laptop20/ros2_tutorial_workspace/build/navigation_demos/build install --record /home/mscrobotics2425laptop20/ros2_tutorial_workspace/build/navigation_demos/install.log --single-version-externally-managed install_data
[2.241s] DEBUG:colcon.colcon_core.event_handler.log_command:Invoking command in '/home/mscrobotics2425laptop20/ros2_tutorial_workspace/src/example_urdf_robot': PYTHONPATH=/home/mscrobotics2425laptop20/ros2_tutorial_workspace/build/example_urdf_robot/prefix_override:/usr/lib/python3/dist-packages/colcon_core/task/python/colcon_distutils_commands:/home/mscrobotics2425laptop20/ros2_tutorial_workspace/install/example_urdf_robot/lib/python3.10/site-packages:${PYTHONPATH} /usr/bin/python3 -W ignore:setup.py install is deprecated setup.py egg_info --egg-base ../../build/example_urdf_robot build --build-base /home/mscrobotics2425laptop20/ros2_tutorial_workspace/build/example_urdf_robot/build install --record /home/mscrobotics2425laptop20/ros2_tutorial_workspace/build/example_urdf_robot/install.log --single-version-externally-managed install_data
[2.340s] DEBUG:colcon.colcon_core.event_handler.log_command:Invoking command in '/home/mscrobotics2425laptop20/ros2_tutorial_workspace/src/gz_example_robot_description': PYTHONPATH=/home/mscrobotics2425laptop20/ros2_tutorial_workspace/build/gz_example_robot_description/prefix_override:/usr/lib/python3/dist-packages/colcon_core/task/python/colcon_distutils_commands:/home/mscrobotics2425laptop20/ros2_tutorial_workspace/install/gz_example_robot_description/lib/python3.10/site-packages:${PYTHONPATH} /usr/bin/python3 -W ignore:setup.py install is deprecated setup.py egg_info --egg-base ../../build/gz_example_robot_description build --build-base /home/mscrobotics2425laptop20/ros2_tutorial_workspace/build/gz_example_robot_description/build install --record /home/mscrobotics2425laptop20/ros2_tutorial_workspace/build/gz_example_robot_description/install.log --single-version-externally-managed install_data
[2.703s] DEBUG:colcon.colcon_core.event_handler.log_command:Invoked command in '/home/mscrobotics2425laptop20/ros2_tutorial_workspace/src/example_urdf_robot' returned '0': PYTHONPATH=/home/mscrobotics2425laptop20/ros2_tutorial_workspace/build/example_urdf_robot/prefix_override:/usr/lib/python3/dist-packages/colcon_core/task/python/colcon_distutils_commands:/home/mscrobotics2425laptop20/ros2_tutorial_workspace/install/example_urdf_robot/lib/python3.10/site-packages:${PYTHONPATH} /usr/bin/python3 -W ignore:setup.py install is deprecated setup.py egg_info --egg-base ../../build/example_urdf_robot build --build-base /home/mscrobotics2425laptop20/ros2_tutorial_workspace/build/example_urdf_robot/build install --record /home/mscrobotics2425laptop20/ros2_tutorial_workspace/build/example_urdf_robot/install.log --single-version-externally-managed install_data
[2.710s] Level 1:colcon.colcon_core.environment:checking '/home/mscrobotics2425laptop20/ros2_tutorial_workspace/install/example_urdf_robot' for CMake module files
[2.710s] Level 1:colcon.colcon_core.environment:checking '/home/mscrobotics2425laptop20/ros2_tutorial_workspace/install/example_urdf_robot' for CMake config files
[2.711s] Level 1:colcon.colcon_core.environment:checking '/home/mscrobotics2425laptop20/ros2_tutorial_workspace/install/example_urdf_robot/lib'
[2.712s] Level 1:colcon.colcon_core.environment:checking '/home/mscrobotics2425laptop20/ros2_tutorial_workspace/install/example_urdf_robot/bin'
[2.712s] Level 1:colcon.colcon_core.environment:checking '/home/mscrobotics2425laptop20/ros2_tutorial_workspace/install/example_urdf_robot/lib/pkgconfig/example_urdf_robot.pc'
[2.712s] Level 1:colcon.colcon_core.environment:checking '/home/mscrobotics2425laptop20/ros2_tutorial_workspace/install/example_urdf_robot/lib/python3.10/site-packages'
[2.712s] Level 1:colcon.colcon_core.shell:create_environment_hook('example_urdf_robot', 'pythonpath')
[2.712s] INFO:colcon.colcon_core.shell:Creating environment hook '/home/mscrobotics2425laptop20/ros2_tutorial_workspace/install/example_urdf_robot/share/example_urdf_robot/hook/pythonpath.ps1'
[2.713s] INFO:colcon.colcon_core.shell:Creating environment descriptor '/home/mscrobotics2425laptop20/ros2_tutorial_workspace/install/example_urdf_robot/share/example_urdf_robot/hook/pythonpath.dsv'
[2.714s] INFO:colcon.colcon_core.shell:Creating environment hook '/home/mscrobotics2425laptop20/ros2_tutorial_workspace/install/example_urdf_robot/share/example_urdf_robot/hook/pythonpath.sh'
[2.715s] Level 1:colcon.colcon_core.environment:checking '/home/mscrobotics2425laptop20/ros2_tutorial_workspace/install/example_urdf_robot/bin'
[2.715s] Level 1:colcon.colcon_core.environment:create_environment_scripts_only(example_urdf_robot)
[2.716s] INFO:colcon.colcon_core.shell:Creating package script '/home/mscrobotics2425laptop20/ros2_tutorial_workspace/install/example_urdf_robot/share/example_urdf_robot/package.ps1'
[2.719s] INFO:colcon.colcon_core.shell:Creating package descriptor '/home/mscrobotics2425laptop20/ros2_tutorial_workspace/install/example_urdf_robot/share/example_urdf_robot/package.dsv'
[2.721s] INFO:colcon.colcon_core.shell:Creating package script '/home/mscrobotics2425laptop20/ros2_tutorial_workspace/install/example_urdf_robot/share/example_urdf_robot/package.sh'
[2.723s] INFO:colcon.colcon_core.shell:Creating package script '/home/mscrobotics2425laptop20/ros2_tutorial_workspace/install/example_urdf_robot/share/example_urdf_robot/package.bash'
[2.725s] INFO:colcon.colcon_core.shell:Creating package script '/home/mscrobotics2425laptop20/ros2_tutorial_workspace/install/example_urdf_robot/share/example_urdf_robot/package.zsh'
[2.726s] Level 1:colcon.colcon_core.environment:create_file_with_runtime_dependencies(/home/mscrobotics2425laptop20/ros2_tutorial_workspace/install/example_urdf_robot/share/colcon-core/packages/example_urdf_robot)
[2.780s] Level 1:colcon.colcon_core.environment:checking '/home/mscrobotics2425laptop20/ros2_tutorial_workspace/install/gz_example_robot_description' for CMake module files
[2.781s] DEBUG:colcon.colcon_core.event_handler.log_command:Invoked command in '/home/mscrobotics2425laptop20/ros2_tutorial_workspace/src/gz_example_robot_description' returned '0': PYTHONPATH=/home/mscrobotics2425laptop20/ros2_tutorial_workspace/build/gz_example_robot_description/prefix_override:/usr/lib/python3/dist-packages/colcon_core/task/python/colcon_distutils_commands:/home/mscrobotics2425laptop20/ros2_tutorial_workspace/install/gz_example_robot_description/lib/python3.10/site-packages:${PYTHONPATH} /usr/bin/python3 -W ignore:setup.py install is deprecated setup.py egg_info --egg-base ../../build/gz_example_robot_description build --build-base /home/mscrobotics2425laptop20/ros2_tutorial_workspace/build/gz_example_robot_description/build install --record /home/mscrobotics2425laptop20/ros2_tutorial_workspace/build/gz_example_robot_description/install.log --single-version-externally-managed install_data
[2.782s] Level 1:colcon.colcon_core.environment:checking '/home/mscrobotics2425laptop20/ros2_tutorial_workspace/install/gz_example_robot_description' for CMake config files
[2.784s] Level 1:colcon.colcon_core.environment:checking '/home/mscrobotics2425laptop20/ros2_tutorial_workspace/install/gz_example_robot_description/lib'
[2.784s] Level 1:colcon.colcon_core.environment:checking '/home/mscrobotics2425laptop20/ros2_tutorial_workspace/install/gz_example_robot_description/bin'
[2.785s] Level 1:colcon.colcon_core.environment:checking '/home/mscrobotics2425laptop20/ros2_tutorial_workspace/install/gz_example_robot_description/lib/pkgconfig/gz_example_robot_description.pc'
[2.785s] Level 1:colcon.colcon_core.environment:checking '/home/mscrobotics2425laptop20/ros2_tutorial_workspace/install/gz_example_robot_description/lib/python3.10/site-packages'
[2.786s] Level 1:colcon.colcon_core.shell:create_environment_hook('gz_example_robot_description', 'pythonpath')
[2.787s] INFO:colcon.colcon_core.shell:Creating environment hook '/home/mscrobotics2425laptop20/ros2_tutorial_workspace/install/gz_example_robot_description/share/gz_example_robot_description/hook/pythonpath.ps1'
[2.788s] INFO:colcon.colcon_core.shell:Creating environment descriptor '/home/mscrobotics2425laptop20/ros2_tutorial_workspace/install/gz_example_robot_description/share/gz_example_robot_description/hook/pythonpath.dsv'
[2.788s] INFO:colcon.colcon_core.shell:Creating environment hook '/home/mscrobotics2425laptop20/ros2_tutorial_workspace/install/gz_example_robot_description/share/gz_example_robot_description/hook/pythonpath.sh'
[2.790s] Level 1:colcon.colcon_core.environment:checking '/home/mscrobotics2425laptop20/ros2_tutorial_workspace/install/gz_example_robot_description/bin'
[2.790s] Level 1:colcon.colcon_core.environment:create_environment_scripts_only(gz_example_robot_description)
[2.791s] INFO:colcon.colcon_core.shell:Creating package script '/home/mscrobotics2425laptop20/ros2_tutorial_workspace/install/gz_example_robot_description/share/gz_example_robot_description/package.ps1'
[2.792s] INFO:colcon.colcon_core.shell:Creating package descriptor '/home/mscrobotics2425laptop20/ros2_tutorial_workspace/install/gz_example_robot_description/share/gz_example_robot_description/package.dsv'
[2.792s] INFO:colcon.colcon_core.shell:Creating package script '/home/mscrobotics2425laptop20/ros2_tutorial_workspace/install/gz_example_robot_description/share/gz_example_robot_description/package.sh'
[2.793s] INFO:colcon.colcon_core.shell:Creating package script '/home/mscrobotics2425laptop20/ros2_tutorial_workspace/install/gz_example_robot_description/share/gz_example_robot_description/package.bash'
[2.793s] INFO:colcon.colcon_core.shell:Creating package script '/home/mscrobotics2425laptop20/ros2_tutorial_workspace/install/gz_example_robot_description/share/gz_example_robot_description/package.zsh'
[2.794s] Level 1:colcon.colcon_core.environment:create_file_with_runtime_dependencies(/home/mscrobotics2425laptop20/ros2_tutorial_workspace/install/gz_example_robot_description/share/colcon-core/packages/gz_example_robot_description)
[2.796s] Level 1:colcon.colcon_core.environment:checking '/home/mscrobotics2425laptop20/ros2_tutorial_workspace/install/navigation_demos' for CMake module files
[2.797s] DEBUG:colcon.colcon_core.event_handler.log_command:Invoked command in '/home/mscrobotics2425laptop20/ros2_tutorial_workspace/src/navigation_demos' returned '0': PYTHONPATH=/home/mscrobotics2425laptop20/ros2_tutorial_workspace/build/navigation_demos/prefix_override:/usr/lib/python3/dist-packages/colcon_core/task/python/colcon_distutils_commands:/home/mscrobotics2425laptop20/ros2_tutorial_workspace/install/navigation_demos/lib/python3.10/site-packages:${PYTHONPATH} /usr/bin/python3 -W ignore:setup.py install is deprecated setup.py egg_info --egg-base ../../build/navigation_demos build --build-base /home/mscrobotics2425laptop20/ros2_tutorial_workspace/build/navigation_demos/build install --record /home/mscrobotics2425laptop20/ros2_tutorial_workspace/build/navigation_demos/install.log --single-version-externally-managed install_data
[2.797s] Level 1:colcon.colcon_core.environment:checking '/home/mscrobotics2425laptop20/ros2_tutorial_workspace/install/navigation_demos' for CMake config files
[2.798s] Level 1:colcon.colcon_core.environment:checking '/home/mscrobotics2425laptop20/ros2_tutorial_workspace/install/navigation_demos/lib'
[2.799s] Level 1:colcon.colcon_core.environment:checking '/home/mscrobotics2425laptop20/ros2_tutorial_workspace/install/navigation_demos/bin'
[2.799s] Level 1:colcon.colcon_core.environment:checking '/home/mscrobotics2425laptop20/ros2_tutorial_workspace/install/navigation_demos/lib/pkgconfig/navigation_demos.pc'
[2.799s] Level 1:colcon.colcon_core.environment:checking '/home/mscrobotics2425laptop20/ros2_tutorial_workspace/install/navigation_demos/lib/python3.10/site-packages'
[2.799s] Level 1:colcon.colcon_core.shell:create_environment_hook('navigation_demos', 'pythonpath')
[2.799s] INFO:colcon.colcon_core.shell:Creating environment hook '/home/mscrobotics2425laptop20/ros2_tutorial_workspace/install/navigation_demos/share/navigation_demos/hook/pythonpath.ps1'
[2.800s] INFO:colcon.colcon_core.shell:Creating environment descriptor '/home/mscrobotics2425laptop20/ros2_tutorial_workspace/install/navigation_demos/share/navigation_demos/hook/pythonpath.dsv'
[2.800s] INFO:colcon.colcon_core.shell:Creating environment hook '/home/mscrobotics2425laptop20/ros2_tutorial_workspace/install/navigation_demos/share/navigation_demos/hook/pythonpath.sh'
[2.801s] Level 1:colcon.colcon_core.environment:checking '/home/mscrobotics2425laptop20/ros2_tutorial_workspace/install/navigation_demos/bin'
[2.801s] Level 1:colcon.colcon_core.environment:create_environment_scripts_only(navigation_demos)
[2.802s] INFO:colcon.colcon_core.shell:Creating package script '/home/mscrobotics2425laptop20/ros2_tutorial_workspace/install/navigation_demos/share/navigation_demos/package.ps1'
[2.802s] INFO:colcon.colcon_core.shell:Creating package descriptor '/home/mscrobotics2425laptop20/ros2_tutorial_workspace/install/navigation_demos/share/navigation_demos/package.dsv'
[2.803s] INFO:colcon.colcon_core.shell:Creating package script '/home/mscrobotics2425laptop20/ros2_tutorial_workspace/install/navigation_demos/share/navigation_demos/package.sh'
[2.803s] INFO:colcon.colcon_core.shell:Creating package script '/home/mscrobotics2425laptop20/ros2_tutorial_workspace/install/navigation_demos/share/navigation_demos/package.bash'
[2.804s] INFO:colcon.colcon_core.shell:Creating package script '/home/mscrobotics2425laptop20/ros2_tutorial_workspace/install/navigation_demos/share/navigation_demos/package.zsh'
[2.804s] Level 1:colcon.colcon_core.environment:create_file_with_runtime_dependencies(/home/mscrobotics2425laptop20/ros2_tutorial_workspace/install/navigation_demos/share/colcon-core/packages/navigation_demos)
[2.874s] Level 1:colcon.colcon_core.environment:checking '/home/mscrobotics2425laptop20/ros2_tutorial_workspace/install/example_gz_robot' for CMake module files
[2.875s] DEBUG:colcon.colcon_core.event_handler.log_command:Invoked command in '/home/mscrobotics2425laptop20/ros2_tutorial_workspace/src/example_gz_robot/example_gz_robot' returned '0': PYTHONPATH=/home/mscrobotics2425laptop20/ros2_tutorial_workspace/build/example_gz_robot/prefix_override:/usr/lib/python3/dist-packages/colcon_core/task/python/colcon_distutils_commands:/home/mscrobotics2425laptop20/ros2_tutorial_workspace/install/example_gz_robot/lib/python3.10/site-packages:${PYTHONPATH} /usr/bin/python3 -W ignore:setup.py install is deprecated setup.py egg_info --egg-base ../../../build/example_gz_robot build --build-base /home/mscrobotics2425laptop20/ros2_tutorial_workspace/build/example_gz_robot/build install --record /home/mscrobotics2425laptop20/ros2_tutorial_workspace/build/example_gz_robot/install.log --single-version-externally-managed install_data
[2.875s] Level 1:colcon.colcon_core.environment:checking '/home/mscrobotics2425laptop20/ros2_tutorial_workspace/install/example_gz_robot' for CMake config files
[2.877s] Level 1:colcon.colcon_core.environment:checking '/home/mscrobotics2425laptop20/ros2_tutorial_workspace/install/example_gz_robot/lib'
[2.877s] Level 1:colcon.colcon_core.environment:checking '/home/mscrobotics2425laptop20/ros2_tutorial_workspace/install/example_gz_robot/bin'
[2.877s] Level 1:colcon.colcon_core.environment:checking '/home/mscrobotics2425laptop20/ros2_tutorial_workspace/install/example_gz_robot/lib/pkgconfig/example_gz_robot.pc'
[2.877s] Level 1:colcon.colcon_core.environment:checking '/home/mscrobotics2425laptop20/ros2_tutorial_workspace/install/example_gz_robot/lib/python3.10/site-packages'
[2.877s] Level 1:colcon.colcon_core.shell:create_environment_hook('example_gz_robot', 'pythonpath')
[2.878s] INFO:colcon.colcon_core.shell:Creating environment hook '/home/mscrobotics2425laptop20/ros2_tutorial_workspace/install/example_gz_robot/share/example_gz_robot/hook/pythonpath.ps1'
[2.879s] INFO:colcon.colcon_core.shell:Creating environment descriptor '/home/mscrobotics2425laptop20/ros2_tutorial_workspace/install/example_gz_robot/share/example_gz_robot/hook/pythonpath.dsv'
[2.880s] INFO:colcon.colcon_core.shell:Creating environment hook '/home/mscrobotics2425laptop20/ros2_tutorial_workspace/install/example_gz_robot/share/example_gz_robot/hook/pythonpath.sh'
[2.881s] Level 1:colcon.colcon_core.environment:checking '/home/mscrobotics2425laptop20/ros2_tutorial_workspace/install/example_gz_robot/bin'
[2.881s] Level 1:colcon.colcon_core.environment:create_environment_scripts_only(example_gz_robot)
[2.882s] INFO:colcon.colcon_core.shell:Creating package script '/home/mscrobotics2425laptop20/ros2_tutorial_workspace/install/example_gz_robot/share/example_gz_robot/package.ps1'
[2.884s] INFO:colcon.colcon_core.shell:Creating package descriptor '/home/mscrobotics2425laptop20/ros2_tutorial_workspace/install/example_gz_robot/share/example_gz_robot/package.dsv'
[2.886s] INFO:colcon.colcon_core.shell:Creating package script '/home/mscrobotics2425laptop20/ros2_tutorial_workspace/install/example_gz_robot/share/example_gz_robot/package.sh'
[2.887s] INFO:colcon.colcon_core.shell:Creating package script '/home/mscrobotics2425laptop20/ros2_tutorial_workspace/install/example_gz_robot/share/example_gz_robot/package.bash'
[2.888s] INFO:colcon.colcon_core.shell:Creating package script '/home/mscrobotics2425laptop20/ros2_tutorial_workspace/install/example_gz_robot/share/example_gz_robot/package.zsh'
[2.889s] Level 1:colcon.colcon_core.environment:create_file_with_runtime_dependencies(/home/mscrobotics2425laptop20/ros2_tutorial_workspace/install/example_gz_robot/share/colcon-core/packages/example_gz_robot)
[2.890s] DEBUG:colcon.colcon_parallel_executor.executor.parallel:closing loop
[2.890s] DEBUG:colcon.colcon_parallel_executor.executor.parallel:loop closed
[2.891s] DEBUG:colcon.colcon_parallel_executor.executor.parallel:run_until_complete finished with '0'
[2.891s] DEBUG:colcon.colcon_core.event_reactor:joining thread
[2.902s] INFO:colcon.colcon_core.plugin_system:Skipping extension 'colcon_notification.desktop_notification.terminal_notifier': Not used on non-Darwin systems
[2.902s] INFO:colcon.colcon_core.plugin_system:Skipping extension 'colcon_notification.desktop_notification.win32': Not used on non-Windows systems
[2.902s] INFO:colcon.colcon_notification.desktop_notification:Sending desktop notification using 'notify2'
[2.924s] DEBUG:colcon.colcon_core.event_reactor:joined thread
[2.925s] INFO:colcon.colcon_core.shell:Creating prefix script '/home/mscrobotics2425laptop20/ros2_tutorial_workspace/install/local_setup.ps1'
[2.927s] INFO:colcon.colcon_core.shell:Creating prefix util module '/home/mscrobotics2425laptop20/ros2_tutorial_workspace/install/_local_setup_util_ps1.py'
[2.932s] INFO:colcon.colcon_core.shell:Creating prefix chain script '/home/mscrobotics2425laptop20/ros2_tutorial_workspace/install/setup.ps1'
[2.939s] INFO:colcon.colcon_core.shell:Creating prefix script '/home/mscrobotics2425laptop20/ros2_tutorial_workspace/install/local_setup.sh'
[2.943s] INFO:colcon.colcon_core.shell:Creating prefix util module '/home/mscrobotics2425laptop20/ros2_tutorial_workspace/install/_local_setup_util_sh.py'
[2.946s] INFO:colcon.colcon_core.shell:Creating prefix chain script '/home/mscrobotics2425laptop20/ros2_tutorial_workspace/install/setup.sh'
[2.951s] INFO:colcon.colcon_core.shell:Creating prefix script '/home/mscrobotics2425laptop20/ros2_tutorial_workspace/install/local_setup.bash'
[2.952s] INFO:colcon.colcon_core.shell:Creating prefix chain script '/home/mscrobotics2425laptop20/ros2_tutorial_workspace/install/setup.bash'
[2.954s] INFO:colcon.colcon_core.shell:Creating prefix script '/home/mscrobotics2425laptop20/ros2_tutorial_workspace/install/local_setup.zsh'
[2.955s] INFO:colcon.colcon_core.shell:Creating prefix chain script '/home/mscrobotics2425laptop20/ros2_tutorial_workspace/install/setup.zsh'
