[0.588s] Invoking command in '/home/mscrobotics2425laptop20/ros2_tutorial_workspace/src/gz_example_robot_description': PYTHONPATH=/home/mscrobotics2425laptop20/ros2_tutorial_workspace/build/gz_example_robot_description/prefix_override:/usr/lib/python3/dist-packages/colcon_core/task/python/colcon_distutils_commands:/home/mscrobotics2425laptop20/ros2_tutorial_workspace/install/gz_example_robot_description/lib/python3.10/site-packages:${PYTHONPATH} /usr/bin/python3 -W ignore:setup.py install is deprecated setup.py egg_info --egg-base ../../build/gz_example_robot_description build --build-base /home/mscrobotics2425laptop20/ros2_tutorial_workspace/build/gz_example_robot_description/build install --record /home/mscrobotics2425laptop20/ros2_tutorial_workspace/build/gz_example_robot_description/install.log --single-version-externally-managed install_data
[0.738s] running egg_info
[0.739s] writing ../../build/gz_example_robot_description/gz_example_robot_description.egg-info/PKG-INFO
[0.739s] writing dependency_links to ../../build/gz_example_robot_description/gz_example_robot_description.egg-info/dependency_links.txt
[0.740s] writing entry points to ../../build/gz_example_robot_description/gz_example_robot_description.egg-info/entry_points.txt
[0.740s] writing requirements to ../../build/gz_example_robot_description/gz_example_robot_description.egg-info/requires.txt
[0.740s] writing top-level names to ../../build/gz_example_robot_description/gz_example_robot_description.egg-info/top_level.txt
[0.742s] reading manifest file '../../build/gz_example_robot_description/gz_example_robot_description.egg-info/SOURCES.txt'
[0.744s] writing manifest file '../../build/gz_example_robot_description/gz_example_robot_description.egg-info/SOURCES.txt'
[0.744s] running build
[0.744s] running build_py
[0.745s] running install
[0.745s] running install_lib
[0.749s] running install_data
[0.750s] running install_egg_info
[0.752s] removing '/home/mscrobotics2425laptop20/ros2_tutorial_workspace/install/gz_example_robot_description/lib/python3.10/site-packages/gz_example_robot_description-0.0.0-py3.10.egg-info' (and everything under it)
[0.752s] Copying ../../build/gz_example_robot_description/gz_example_robot_description.egg-info to /home/mscrobotics2425laptop20/ros2_tutorial_workspace/install/gz_example_robot_description/lib/python3.10/site-packages/gz_example_robot_description-0.0.0-py3.10.egg-info
[0.754s] running install_scripts
[0.779s] writing list of installed files to '/home/mscrobotics2425laptop20/ros2_tutorial_workspace/build/gz_example_robot_description/install.log'
[0.804s] Invoked command in '/home/mscrobotics2425laptop20/ros2_tutorial_workspace/src/gz_example_robot_description' returned '0': PYTHONPATH=/home/mscrobotics2425laptop20/ros2_tutorial_workspace/build/gz_example_robot_description/prefix_override:/usr/lib/python3/dist-packages/colcon_core/task/python/colcon_distutils_commands:/home/mscrobotics2425laptop20/ros2_tutorial_workspace/install/gz_example_robot_description/lib/python3.10/site-packages:${PYTHONPATH} /usr/bin/python3 -W ignore:setup.py install is deprecated setup.py egg_info --egg-base ../../build/gz_example_robot_description build --build-base /home/mscrobotics2425laptop20/ros2_tutorial_workspace/build/gz_example_robot_description/build install --record /home/mscrobotics2425laptop20/ros2_tutorial_workspace/build/gz_example_robot_description/install.log --single-version-externally-managed install_data
